#
# A fatal error has been detected by the Java Runtime Environment:
#
#  EXCEPTION_ACCESS_VIOLATION (0xc0000005) at pc=0x51ecdb6e, pid=1992, tid=3476
#
# JRE version: 7.0_05-b05
# Java VM: Java HotSpot(TM) Client VM (23.1-b03 mixed mode windows-x86 )
# Problematic frame:
# C  [ig4icd32.dll+0x1db6e]
#
# Failed to write core dump. Minidumps are not enabled by default on client versions of Windows
#
# If you would like to submit a bug report, please visit:
#   http://bugreport.sun.com/bugreport/crash.jsp
# The crash happened outside the Java Virtual Machine in native code.
# See problematic frame for where to report the bug.
#

---------------  T H R E A D  ---------------

Current thread (0x49435800):  JavaThread "Minecraft main thread" daemon [_thread_in_native, id=3476, stack(0x49de0000,0x49e30000)]

siginfo: ExceptionCode=0xc0000005, reading address 0x0000000c

Registers:
EAX=0x00000008, EBX=0x00000004, ECX=0x00000002, EDX=0x00000015
ESP=0x49e2f008, EBP=0x00000008, ESI=0x0000000c, EDI=0x6a94fc7c
EIP=0x51ecdb6e, EFLAGS=0x00010202

Top of Stack: (sp=0x49e2f008)
0x49e2f008:   49435800 001236b0 49e2f1c0 00000000
0x49e2f018:   000084c0 00000000 00000000 754ec7d4
0x49e2f028:   00000000 51ed39e0 7f833b58 00000100
0x49e2f038:   00000000 001236b0 00000001 00000448
0x49e2f048:   00000124 7f833a60 00124784 6a94fc7c
0x49e2f058:   767d89b4 00000000 00000000 00000000
0x49e2f068:   00000000 00000000 00000000 00000000
0x49e2f078:   00000000 00000000 00000000 00000000 

Instructions: (pc=0x51ecdb6e)
0x51ecdb4e:   94 50 c1 e0 04 8b a8 48 d5 2f 52 8b 80 44 d5 2f
0x51ecdb5e:   52 8b cd 8d 74 18 04 8b c1 c1 e9 02 89 7c 24 4c
0x51ecdb6e:   f3 a5 8b c8 83 e1 03 f3 a4 8b 4c 24 4c 03 cd 85
0x51ecdb7e:   d2 8b 6c 24 34 89 4c 94 50 75 93 8b 44 24 40 8b 


Register to memory mapping:

EAX=0x00000008 is an unknown value
EBX=0x00000004 is an unknown value
ECX=0x00000002 is an unknown value
EDX=0x00000015 is an unknown value
ESP=0x49e2f008 is pointing into the stack for thread: 0x49435800
EBP=0x00000008 is an unknown value
ESI=0x0000000c is an unknown value
EDI=0x6a94fc7c is an unknown value


Stack: [0x49de0000,0x49e30000],  sp=0x49e2f008,  free space=316k
Native frames: (J=compiled Java code, j=interpreted, Vv=VM code, C=native code)
C  [ig4icd32.dll+0x1db6e]

[error occurred during error reporting (printing native stack), id 0xc0000005]

Java frames: (J=compiled Java code, j=interpreted, Vv=VM code)
J  org.lwjgl.opengl.GL11.nglPopMatrix(J)V
J  ct.a()V
J  l.a(Lacq;Z)Z
J  lr.a(FJ)V
J  lr.b(F)V
J  EntityRendererProxy.b(F)V
J  net.minecraft.client.Minecraft.x()V
j  net.minecraft.client.Minecraft.run()V+41
j  java.lang.Thread.run()V+11
v  ~StubRoutines::call_stub

---------------  P R O C E S S  ---------------

Java Threads: ( => current thread )
  0x495f2c00 JavaThread "File IO Thread" daemon [_thread_blocked, id=1644, stack(0x49af0000,0x49b40000)]
  0x4966b400 JavaThread "Client write thread" daemon [_thread_blocked, id=2084, stack(0x49aa0000,0x49af0000)]
  0x4960c400 JavaThread "Client read thread" daemon [_thread_in_native, id=3256, stack(0x49a50000,0x49aa0000)]
  0x4973d400 JavaThread "Thread-10" daemon [_thread_blocked, id=1836, stack(0x5b660000,0x5b6b0000)]
  0x4973cc00 JavaThread "Thread-9" daemon [_thread_blocked, id=1688, stack(0x5b610000,0x5b660000)]
  0x4972f800 JavaThread "Thread-8" daemon [_thread_in_native, id=3560, stack(0x5ace0000,0x5ad30000)]
=>0x49435800 JavaThread "Minecraft main thread" daemon [_thread_in_native, id=3476, stack(0x49de0000,0x49e30000)]
  0x49435400 JavaThread "Timer hack thread" daemon [_thread_blocked, id=436, stack(0x49bf0000,0x49c40000)]
  0x003d8800 JavaThread "DestroyJavaVM" [_thread_blocked, id=2928, stack(0x00900000,0x00950000)]
  0x4939a400 JavaThread "AWT-EventQueue-0" [_thread_blocked, id=2952, stack(0x49770000,0x497c0000)]
  0x48eb8000 JavaThread "AWT-Windows" daemon [_thread_in_native, id=1148, stack(0x49200000,0x49250000)]
  0x48eb6800 JavaThread "AWT-Shutdown" [_thread_blocked, id=176, stack(0x491b0000,0x49200000)]
  0x48eb5000 JavaThread "Java2D Disposer" daemon [_thread_blocked, id=2844, stack(0x49160000,0x491b0000)]
  0x48e0d400 JavaThread "Service Thread" daemon [_thread_blocked, id=1176, stack(0x490c0000,0x49110000)]
  0x48dff400 JavaThread "C1 CompilerThread0" daemon [_thread_blocked, id=1228, stack(0x49070000,0x490c0000)]
  0x48dfd800 JavaThread "Attach Listener" daemon [_thread_blocked, id=2264, stack(0x49020000,0x49070000)]
  0x48dfc400 JavaThread "Signal Dispatcher" daemon [_thread_blocked, id=2936, stack(0x48fd0000,0x49020000)]
  0x02ae5400 JavaThread "Finalizer" daemon [_thread_blocked, id=1696, stack(0x48d60000,0x48db0000)]
  0x02ae0400 JavaThread "Reference Handler" daemon [_thread_blocked, id=2956, stack(0x48d10000,0x48d60000)]

Other Threads:
  0x02adac00 VMThread [stack: 0x48cc0000,0x48d10000] [id=2912]
  0x48e21000 WatcherThread [stack: 0x49110000,0x49160000] [id=2940]

VM state:not at safepoint (normal execution)

VM Mutex/Monitor currently owned by a thread: None

Heap
 def new generation   total 157376K, used 74894K [0x02b00000, 0x0d5c0000, 0x18050000)
  eden space 139904K,  44% used [0x02b00000, 0x068221c0, 0x0b3a0000)
  from space 17472K,  70% used [0x0c4b0000, 0x0d0b1820, 0x0d5c0000)
  to   space 17472K,   0% used [0x0b3a0000, 0x0b3a0000, 0x0c4b0000)
 tenured generation   total 349568K, used 70279K [0x18050000, 0x2d5b0000, 0x42b00000)
   the space 349568K,  20% used [0x18050000, 0x1c4f1cd8, 0x1c4f1e00, 0x2d5b0000)
 compacting perm gen  total 16640K, used 16567K [0x42b00000, 0x43b40000, 0x46b00000)
   the space 16640K,  99% used [0x42b00000, 0x43b2de88, 0x43b2e000, 0x43b40000)
No shared spaces configured.

Code Cache  [0x00980000, 0x010b8000, 0x02980000)
 total_blobs=3262 nmethods=2902 adapters=293 free_code_cache=25407Kb largest_free_block=26016704

Compilation events (10 events):
Event: 344.467 Thread 0x48dff400 2898             gb::a (74 bytes)
Event: 344.467 Thread 0x48dff400 nmethod 2898 0x010ad748 code [0x010ad840, 0x010ad920]
Event: 344.607 Thread 0x48dff400 2899             gb::a (328 bytes)
Event: 344.610 Thread 0x48dff400 nmethod 2899 0x010ad988 code [0x010adc90, 0x010ae90c]
Event: 346.079 Thread 0x48dff400 2900             aak::k_ (25 bytes)
Event: 346.079 Thread 0x48dff400 nmethod 2900 0x010afe48 code [0x010aff40, 0x010afff0]
Event: 346.615 Thread 0x48dff400 2901             pt::d (2 bytes)
Event: 346.615 Thread 0x48dff400 nmethod 2901 0x010b00c8 code [0x010b01c0, 0x010b0240]
Event: 350.891 Thread 0x48dff400 2902             yu::e (2 bytes)
Event: 350.892 Thread 0x48dff400 nmethod 2902 0x010b0288 code [0x010b0380, 0x010b0400]

GC Heap History (10 events):
Event: 162.383 GC heap before
{Heap before GC invocations=6 (full 2):
 def new generation   total 157376K, used 142691K [0x02b00000, 0x0d5c0000, 0x18050000)
  eden space 139904K, 100% used [0x02b00000, 0x0b3a0000, 0x0b3a0000)
  from space 17472K,  15% used [0x0b3a0000, 0x0b658d88, 0x0c4b0000)
  to   space 17472K,   0% used [0x0c4b0000, 0x0c4b0000, 0x0d5c0000)
 tenured generation   total 349568K, used 70519K [0x18050000, 0x2d5b0000, 0x42b00000)
   the space 349568K,  20% used [0x18050000, 0x1c52de48, 0x1c52e000, 0x2d5b0000)
 compacting perm gen  total 16640K, used 16494K [0x42b00000, 0x43b40000, 0x46b00000)
   the space 16640K,  99% used [0x42b00000, 0x43b1b840, 0x43b1ba00, 0x43b40000)
No shared spaces configured.
Event: 162.413 GC heap after
Heap after GC invocations=7 (full 2):
 def new generation   total 157376K, used 13035K [0x02b00000, 0x0d5c0000, 0x18050000)
  eden space 139904K,   0% used [0x02b00000, 0x02b00000, 0x0b3a0000)
  from space 17472K,  74% used [0x0c4b0000, 0x0d16adb0, 0x0d5c0000)
  to   space 17472K,   0% used [0x0b3a0000, 0x0b3a0000, 0x0c4b0000)
 tenured generation   total 349568K, used 70519K [0x18050000, 0x2d5b0000, 0x42b00000)
   the space 349568K,  20% used [0x18050000, 0x1c52de48, 0x1c52e000, 0x2d5b0000)
 compacting perm gen  total 16640K, used 16494K [0x42b00000, 0x43b40000, 0x46b00000)
   the space 16640K,  99% used [0x42b00000, 0x43b1b840, 0x43b1ba00, 0x43b40000)
No shared spaces configured.
}
Event: 231.965 GC heap before
{Heap before GC invocations=7 (full 2):
 def new generation   total 157376K, used 152897K [0x02b00000, 0x0d5c0000, 0x18050000)
  eden space 139904K,  99% used [0x02b00000, 0x0b395740, 0x0b3a0000)
  from space 17472K,  74% used [0x0c4b0000, 0x0d16adb0, 0x0d5c0000)
  to   space 17472K,   0% used [0x0b3a0000, 0x0b3a0000, 0x0c4b0000)
 tenured generation   total 349568K, used 70519K [0x18050000, 0x2d5b0000, 0x42b00000)
   the space 349568K,  20% used [0x18050000, 0x1c52de48, 0x1c52e000, 0x2d5b0000)
 compacting perm gen  total 16640K, used 16549K [0x42b00000, 0x43b40000, 0x46b00000)
   the space 16640K,  99% used [0x42b00000, 0x43b29548, 0x43b29600, 0x43b40000)
No shared spaces configured.
Event: 232.000 GC heap after
Heap after GC invocations=8 (full 2):
 def new generation   total 157376K, used 8930K [0x02b00000, 0x0d5c0000, 0x18050000)
  eden space 139904K,   0% used [0x02b00000, 0x02b00000, 0x0b3a0000)
  from space 17472K,  51% used [0x0b3a0000, 0x0bc58ac0, 0x0c4b0000)
  to   space 17472K,   0% used [0x0c4b0000, 0x0c4b0000, 0x0d5c0000)
 tenured generation   total 349568K, used 79767K [0x18050000, 0x2d5b0000, 0x42b00000)
   the space 349568K,  22% used [0x18050000, 0x1ce35e28, 0x1ce36000, 0x2d5b0000)
 compacting perm gen  total 16640K, used 16549K [0x42b00000, 0x43b40000, 0x46b00000)
   the space 16640K,  99% used [0x42b00000, 0x43b29548, 0x43b29600, 0x43b40000)
No shared spaces configured.
}
Event: 291.303 GC heap before
{Heap before GC invocations=8 (full 2):
 def new generation   total 157376K, used 139165K [0x02b00000, 0x0d5c0000, 0x18050000)
  eden space 139904K,  93% used [0x02b00000, 0x0aa2eac8, 0x0b3a0000)
  from space 17472K,  51% used [0x0b3a0000, 0x0bc58ac0, 0x0c4b0000)
  to   space 17472K,   0% used [0x0c4b0000, 0x0c4b0000, 0x0d5c0000)
 tenured generation   total 349568K, used 79767K [0x18050000, 0x2d5b0000, 0x42b00000)
   the space 349568K,  22% used [0x18050000, 0x1ce35e28, 0x1ce36000, 0x2d5b0000)
 compacting perm gen  total 16640K, used 16565K [0x42b00000, 0x43b40000, 0x46b00000)
   the space 16640K,  99% used [0x42b00000, 0x43b2d518, 0x43b2d600, 0x43b40000)
No shared spaces configured.
Event: 291.530 GC heap after
Heap after GC invocations=9 (full 3):
 def new generation   total 157376K, used 0K [0x02b00000, 0x0d5c0000, 0x18050000)
  eden space 139904K,   0% used [0x02b00000, 0x02b00000, 0x0b3a0000)
  from space 17472K,   0% used [0x0b3a0000, 0x0b3a0000, 0x0c4b0000)
  to   space 17472K,   0% used [0x0c4b0000, 0x0c4b0000, 0x0d5c0000)
 tenured generation   total 349568K, used 88931K [0x18050000, 0x2d5b0000, 0x42b00000)
   the space 349568K,  25% used [0x18050000, 0x1d728c38, 0x1d728e00, 0x2d5b0000)
 compacting perm gen  total 16640K, used 16565K [0x42b00000, 0x43b40000, 0x46b00000)
   the space 16640K,  99% used [0x42b00000, 0x43b2d518, 0x43b2d600, 0x43b40000)
No shared spaces configured.
}
Event: 291.735 GC heap before
{Heap before GC invocations=9 (full 3):
 def new generation   total 157376K, used 6152K [0x02b00000, 0x0d5c0000, 0x18050000)
  eden space 139904K,   4% used [0x02b00000, 0x031021f8, 0x0b3a0000)
  from space 17472K,   0% used [0x0b3a0000, 0x0b3a0000, 0x0c4b0000)
  to   space 17472K,   0% used [0x0c4b0000, 0x0c4b0000, 0x0d5c0000)
 tenured generation   total 349568K, used 88931K [0x18050000, 0x2d5b0000, 0x42b00000)
   the space 349568K,  25% used [0x18050000, 0x1d728c38, 0x1d728e00, 0x2d5b0000)
 compacting perm gen  total 16640K, used 16565K [0x42b00000, 0x43b40000, 0x46b00000)
   the space 16640K,  99% used [0x42b00000, 0x43b2d518, 0x43b2d600, 0x43b40000)
No shared spaces configured.
Event: 291.994 GC heap after
Heap after GC invocations=10 (full 4):
 def new generation   total 157376K, used 0K [0x02b00000, 0x0d5c0000, 0x18050000)
  eden space 139904K,   0% used [0x02b00000, 0x02b00000, 0x0b3a0000)
  from space 17472K,   0% used [0x0b3a0000, 0x0b3a0000, 0x0c4b0000)
  to   space 17472K,   0% used [0x0c4b0000, 0x0c4b0000, 0x0d5c0000)
 tenured generation   total 349568K, used 70279K [0x18050000, 0x2d5b0000, 0x42b00000)
   the space 349568K,  20% used [0x18050000, 0x1c4f1cd8, 0x1c4f1e00, 0x2d5b0000)
 compacting perm gen  total 16640K, used 16554K [0x42b00000, 0x43b40000, 0x46b00000)
   the space 16640K,  99% used [0x42b00000, 0x43b2aa20, 0x43b2ac00, 0x43b40000)
No shared spaces configured.
}
Event: 317.051 GC heap before
{Heap before GC invocations=10 (full 4):
 def new generation   total 157376K, used 139904K [0x02b00000, 0x0d5c0000, 0x18050000)
  eden space 139904K, 100% used [0x02b00000, 0x0b3a0000, 0x0b3a0000)
  from space 17472K,   0% used [0x0b3a0000, 0x0b3a0000, 0x0c4b0000)
  to   space 17472K,   0% used [0x0c4b0000, 0x0c4b0000, 0x0d5c0000)
 tenured generation   total 349568K, used 70279K [0x18050000, 0x2d5b0000, 0x42b00000)
   the space 349568K,  20% used [0x18050000, 0x1c4f1cd8, 0x1c4f1e00, 0x2d5b0000)
 compacting perm gen  total 16640K, used 16562K [0x42b00000, 0x43b40000, 0x46b00000)
   the space 16640K,  99% used [0x42b00000, 0x43b2cbd0, 0x43b2cc00, 0x43b40000)
No shared spaces configured.
Event: 317.076 GC heap after
Heap after GC invocations=11 (full 4):
 def new generation   total 157376K, used 12294K [0x02b00000, 0x0d5c0000, 0x18050000)
  eden space 139904K,   0% used [0x02b00000, 0x02b00000, 0x0b3a0000)
  from space 17472K,  70% used [0x0c4b0000, 0x0d0b1820, 0x0d5c0000)
  to   space 17472K,   0% used [0x0b3a0000, 0x0b3a0000, 0x0c4b0000)
 tenured generation   total 349568K, used 70279K [0x18050000, 0x2d5b0000, 0x42b00000)
   the space 349568K,  20% used [0x18050000, 0x1c4f1cd8, 0x1c4f1e00, 0x2d5b0000)
 compacting perm gen  total 16640K, used 16562K [0x42b00000, 0x43b40000, 0x46b00000)
   the space 16640K,  99% used [0x42b00000, 0x43b2cbd0, 0x43b2cc00, 0x43b40000)
No shared spaces configured.
}

Deoptimization events (0 events):
No events

Internal exceptions (10 events):
Event: 357.632 Thread 0x49435800 Threw 0x067ba930 at C:\jdk7u5_32P\jdk7u5\hotspot\src\share\vm\prims\jni.cpp:715
Event: 357.632 Thread 0x49435800 Threw 0x067baaf8 at C:\jdk7u5_32P\jdk7u5\hotspot\src\share\vm\prims\jni.cpp:715
Event: 357.632 Thread 0x49435800 Threw 0x067bac90 at C:\jdk7u5_32P\jdk7u5\hotspot\src\share\vm\prims\jni.cpp:715
Event: 357.635 Thread 0x4966b400 Threw 0x0681fe30 at C:\jdk7u5_32P\jdk7u5\hotspot\src\share\vm\prims\jvm.cpp:2888
Event: 357.639 Thread 0x4966b400 Threw 0x0681ff90 at C:\jdk7u5_32P\jdk7u5\hotspot\src\share\vm\prims\jvm.cpp:2888
Event: 357.640 Thread 0x4973cc00 Threw 0x056f35f0 at C:\jdk7u5_32P\jdk7u5\hotspot\src\share\vm\prims\jvm.cpp:2888
Event: 357.729 Thread 0x4966b400 Threw 0x068200f0 at C:\jdk7u5_32P\jdk7u5\hotspot\src\share\vm\prims\jvm.cpp:2888
Event: 357.734 Thread 0x4966b400 Threw 0x06820250 at C:\jdk7u5_32P\jdk7u5\hotspot\src\share\vm\prims\jvm.cpp:2888
Event: 357.734 Thread 0x4966b400 Threw 0x068203b0 at C:\jdk7u5_32P\jdk7u5\hotspot\src\share\vm\prims\jvm.cpp:2888
Event: 357.735 Thread 0x4973cc00 Threw 0x056f3790 at C:\jdk7u5_32P\jdk7u5\hotspot\src\share\vm\prims\jvm.cpp:2888

Events (10 events):
Event: 349.624 Executing VM operation: RevokeBias done
Event: 349.624 Thread 0x495f4400 Thread exited: 0x495f4400
Event: 353.555 loading class 0x495efb40
Event: 353.555 loading class 0x495efb40 done
Event: 353.986 loading class 0x495efb40
Event: 353.986 loading class 0x495efb40 done
Event: 354.661 Thread 0x495f4400 Thread added: 0x495f4400
Event: 354.667 Executing VM operation: RevokeBias
Event: 354.667 Executing VM operation: RevokeBias done
Event: 354.668 Thread 0x495f4400 Thread exited: 0x495f4400


Dynamic libraries:
0x00400000 - 0x0042f000 	C:\WINDOWS\system32\javaw.exe
0x7c900000 - 0x7c9af000 	C:\WINDOWS\system32\ntdll.dll
0x7c800000 - 0x7c8f6000 	C:\WINDOWS\system32\kernel32.dll
0x77dd0000 - 0x77e6b000 	C:\WINDOWS\system32\ADVAPI32.dll
0x77e70000 - 0x77f02000 	C:\WINDOWS\system32\RPCRT4.dll
0x77fe0000 - 0x77ff1000 	C:\WINDOWS\system32\Secur32.dll
0x7e410000 - 0x7e4a1000 	C:\WINDOWS\system32\USER32.dll
0x77f10000 - 0x77f59000 	C:\WINDOWS\system32\GDI32.dll
0x773d0000 - 0x774d3000 	C:\WINDOWS\WinSxS\x86_Microsoft.Windows.Common-Controls_6595b64144ccf1df_6.0.2600.5512_x-ww_35d4ce83\COMCTL32.dll
0x77c10000 - 0x77c68000 	C:\WINDOWS\system32\msvcrt.dll
0x77f60000 - 0x77fd6000 	C:\WINDOWS\system32\SHLWAPI.dll
0x76390000 - 0x763ad000 	C:\WINDOWS\system32\IMM32.DLL
0x629c0000 - 0x629c9000 	C:\WINDOWS\system32\LPK.DLL
0x74d90000 - 0x74dfb000 	C:\WINDOWS\system32\USP10.dll
0x78aa0000 - 0x78b5e000 	C:\Program Files\Java\jre7\bin\msvcr100.dll
0x6d880000 - 0x6dbca000 	C:\Program Files\Java\jre7\bin\client\jvm.dll
0x71ad0000 - 0x71ad9000 	C:\WINDOWS\system32\WSOCK32.dll
0x71ab0000 - 0x71ac7000 	C:\WINDOWS\system32\WS2_32.dll
0x71aa0000 - 0x71aa8000 	C:\WINDOWS\system32\WS2HELP.dll
0x76b40000 - 0x76b6d000 	C:\WINDOWS\system32\WINMM.dll
0x76bf0000 - 0x76bfb000 	C:\WINDOWS\system32\PSAPI.DLL
0x6d810000 - 0x6d81c000 	C:\Program Files\Java\jre7\bin\verify.dll
0x6d2f0000 - 0x6d310000 	C:\Program Files\Java\jre7\bin\java.dll
0x6d860000 - 0x6d873000 	C:\Program Files\Java\jre7\bin\zip.dll
0x6d000000 - 0x6d142000 	C:\Program Files\Java\jre7\bin\awt.dll
0x77120000 - 0x771ab000 	C:\WINDOWS\system32\OLEAUT32.dll
0x774e0000 - 0x7761d000 	C:\WINDOWS\system32\ole32.dll
0x5ad70000 - 0x5ada8000 	C:\WINDOWS\system32\uxtheme.dll
0x74720000 - 0x7476c000 	C:\WINDOWS\system32\MSCTF.dll
0x755c0000 - 0x755ee000 	C:\WINDOWS\system32\msctfime.ime
0x68000000 - 0x68036000 	C:\WINDOWS\system32\rsaenh.dll
0x769c0000 - 0x76a74000 	C:\WINDOWS\system32\USERENV.dll
0x5b860000 - 0x5b8b5000 	C:\WINDOWS\system32\netapi32.dll
0x6d610000 - 0x6d624000 	C:\Program Files\Java\jre7\bin\net.dll
0x71a50000 - 0x71a8f000 	C:\WINDOWS\System32\mswsock.dll
0x76f20000 - 0x76f47000 	C:\WINDOWS\system32\DNSAPI.dll
0x76fb0000 - 0x76fb8000 	C:\WINDOWS\System32\winrnr.dll
0x76f60000 - 0x76f8c000 	C:\WINDOWS\system32\WLDAP32.dll
0x64000000 - 0x64021000 	C:\Program Files\Bonjour\mdnsNSP.dll
0x76d60000 - 0x76d79000 	C:\WINDOWS\system32\Iphlpapi.dll
0x76fc0000 - 0x76fc6000 	C:\WINDOWS\system32\rasadhlp.dll
0x6d630000 - 0x6d63f000 	C:\Program Files\Java\jre7\bin\nio.dll
0x6d780000 - 0x6d7a0000 	C:\Program Files\Java\jre7\bin\sunec.dll
0x6d240000 - 0x6d26a000 	C:\Program Files\Java\jre7\bin\fontmanager.dll
0x6d7b0000 - 0x6d7e1000 	C:\Program Files\Java\jre7\bin\t2k.dll
0x49e30000 - 0x49ea3000 	C:\Documents and Settings\Administrator\Application Data\.minecraft\bin\natives\lwjgl.dll
0x5ed00000 - 0x5edcc000 	C:\WINDOWS\system32\OPENGL32.dll
0x68b20000 - 0x68b40000 	C:\WINDOWS\system32\GLU32.dll
0x73760000 - 0x737ab000 	C:\WINDOWS\system32\DDRAW.dll
0x73bc0000 - 0x73bc6000 	C:\WINDOWS\system32\DCIMAN32.dll
0x77c00000 - 0x77c08000 	C:\WINDOWS\system32\VERSION.dll
0x6d320000 - 0x6d326000 	C:\Program Files\Java\jre7\bin\jawt.dll
0x51eb0000 - 0x5238b000 	C:\WINDOWS\system32\ig4icd32.dll
0x52420000 - 0x52738000 	C:\WINDOWS\system32\ig4dev32.dll
0x662b0000 - 0x66308000 	C:\WINDOWS\system32\hnetcfg.dll
0x71a90000 - 0x71a98000 	C:\WINDOWS\System32\wshtcpip.dll
0x5ab20000 - 0x5ab36000 	C:\Documents and Settings\Administrator\Application Data\.minecraft\bin\natives\jinput-dx8.dll
0x6ce10000 - 0x6ce48000 	C:\WINDOWS\system32\DINPUT8.dll
0x688f0000 - 0x688f9000 	C:\WINDOWS\system32\HID.DLL
0x77920000 - 0x77a13000 	C:\WINDOWS\system32\SETUPAPI.DLL
0x76c30000 - 0x76c5e000 	C:\WINDOWS\system32\WINTRUST.dll
0x77a80000 - 0x77b15000 	C:\WINDOWS\system32\CRYPT32.dll
0x77b20000 - 0x77b32000 	C:\WINDOWS\system32\MSASN1.dll
0x76c90000 - 0x76cb8000 	C:\WINDOWS\system32\IMAGEHLP.dll
0x5acb0000 - 0x5acc5000 	C:\Documents and Settings\Administrator\Application Data\.minecraft\bin\natives\jinput-raw.dll
0x5b6b0000 - 0x5b711000 	C:\Documents and Settings\Administrator\Application Data\.minecraft\bin\natives\OpenAL32.dll
0x7c9c0000 - 0x7d1d7000 	C:\WINDOWS\system32\SHELL32.dll
0x76fd0000 - 0x7704f000 	C:\WINDOWS\system32\CLBCATQ.DLL
0x77050000 - 0x77115000 	C:\WINDOWS\system32\COMRes.dll
0x73f10000 - 0x73f6c000 	C:\WINDOWS\system32\dsound.dll
0x72d20000 - 0x72d29000 	C:\WINDOWS\system32\wdmaud.drv
0x72d10000 - 0x72d18000 	C:\WINDOWS\system32\msacm32.drv
0x77be0000 - 0x77bf5000 	C:\WINDOWS\system32\MSACM32.dll
0x77bd0000 - 0x77bd7000 	C:\WINDOWS\system32\midimap.dll
0x73ee0000 - 0x73ee4000 	C:\WINDOWS\system32\KsUser.dll
0x6d7a0000 - 0x6d7a9000 	C:\Program Files\Java\jre7\bin\sunmscapi.dll

VM Arguments:
jvm_args: -Xms512m -Xmx1024m -Dsun.java2d.noddraw=true -Dsun.java2d.d3d=false -Dsun.java2d.opengl=false -Dsun.java2d.pmoffscreen=false 
java_command: net.minecraft.LauncherFrame
Launcher Type: SUN_STANDARD

Environment Variables:
PATH=C:\WINDOWS\system32;C:\WINDOWS;C:\WINDOWS\System32\Wbem;c:\program files\java\jre7\bin
USERNAME=Administrator
OS=Windows_NT
PROCESSOR_IDENTIFIER=x86 Family 6 Model 15 Stepping 13, GenuineIntel



---------------  S Y S T E M  ---------------

OS: Windows XP Build 2600 Service Pack 3

CPU:total 2 (2 cores per cpu, 1 threads per core) family 6 model 15 stepping 13, cmov, cx8, fxsr, mmx, sse, sse2, sse3, ssse3, tsc

Memory: 4k page, physical 1958704k(637512k free), swap 3897892k(2362984k free)

vm_info: Java HotSpot(TM) Client VM (23.1-b03) for windows-x86 JRE (1.7.0_05-b05), built on May 15 2012 18:11:27 by "java_re" with unknown MS VC++:1600

time: Wed Jul 04 20:14:38 2012
elapsed time: 357 seconds

