#
# A fatal error has been detected by the Java Runtime Environment:
#
#  EXCEPTION_ACCESS_VIOLATION (0xc0000005) at pc=0x522fdb6e, pid=4012, tid=3204
#
# JRE version: 6.0_31-b05
# Java VM: Java HotSpot(TM) Client VM (20.6-b01 mixed mode windows-x86 )
# Problematic frame:
# C  [ig4icd32.dll+0x1db6e]
#
# If you would like to submit a bug report, please visit:
#   http://java.sun.com/webapps/bugreport/crash.jsp
# The crash happened outside the Java Virtual Machine in native code.
# See problematic frame for where to report the bug.
#

---------------  T H R E A D  ---------------

Current thread (0x49f1b400):  JavaThread "Minecraft main thread" daemon [_thread_in_native, id=3204, stack(0x49c30000,0x49c80000)]

siginfo: ExceptionCode=0xc0000005, reading address 0x00000008

Registers:
EAX=0x0000000c, EBX=0x00000004, ECX=0x00000003, EDX=0x00000000
ESP=0x49c7f318, EBP=0x0000000c, ESI=0x00000008, EDI=0x76aef91c
EIP=0x522fdb6e, EFLAGS=0x00010206

Top of Stack: (sp=0x49c7f318)
0x49c7f318:   49f1b400 001250f0 49c7f4d0 00000000
0x49c7f328:   000084c0 00000000 00000000 76be36a4
0x49c7f338:   00000000 523039e0 73d360f8 00000100
0x49c7f348:   00000000 001250f0 00000001 000004e8
0x49c7f358:   0000036c 73d36000 001261d0 76aef91c
0x49c7f368:   76aef91c 00000000 00000000 00000000
0x49c7f378:   00000000 00000000 00000000 00000000
0x49c7f388:   00000000 00000000 00000000 00000000 

Instructions: (pc=0x522fdb6e)
0x522fdb4e:   94 50 c1 e0 04 8b a8 48 d5 72 52 8b 80 44 d5 72
0x522fdb5e:   52 8b cd 8d 74 18 04 8b c1 c1 e9 02 89 7c 24 4c
0x522fdb6e:   f3 a5 8b c8 83 e1 03 f3 a4 8b 4c 24 4c 03 cd 85
0x522fdb7e:   d2 8b 6c 24 34 89 4c 94 50 75 93 8b 44 24 40 8b 


Register to memory mapping:

EAX=0x0000000c is an unknown value
EBX=0x00000004 is an unknown value
ECX=0x00000003 is an unknown value
EDX=0x00000000 is an unknown value
ESP=0x49c7f318 is pointing into the stack for thread: 0x49f1b400
EBP=0x0000000c is an unknown value
ESI=0x00000008 is an unknown value
EDI=0x76aef91c is an unknown value


Stack: [0x49c30000,0x49c80000],  sp=0x49c7f318,  free space=316k
Native frames: (J=compiled Java code, j=interpreted, Vv=VM code, C=native code)

[error occurred during error reporting (printing native stack), id 0xc0000005]

Java frames: (J=compiled Java code, j=interpreted, Vv=VM code)
J  org.lwjgl.opengl.GL11.nglPopMatrix(J)V
J  ct.a()V
J  l.a(Lacq;Z)Z
J  lr.a(FJ)V
J  lr.b(F)V
J  EntityRendererProxy.b(F)V
J  net.minecraft.client.Minecraft.x()V
j  net.minecraft.client.Minecraft.run()V+41
j  java.lang.Thread.run()V+11
v  ~StubRoutines::call_stub

---------------  P R O C E S S  ---------------

Java Threads: ( => current thread )
  0x4a24b400 JavaThread "Client write thread" daemon [_thread_blocked, id=2332, stack(0x63e10000,0x63e60000)]
  0x4919ac00 JavaThread "Client read thread" daemon [_thread_in_native, id=3652, stack(0x5eb00000,0x5eb50000)]
  0x5c98e800 JavaThread "File IO Thread" daemon [_thread_blocked, id=2276, stack(0x5ebd0000,0x5ec20000)]
  0x4a290000 JavaThread "Thread-21" daemon [_thread_blocked, id=3620, stack(0x5d270000,0x5d2c0000)]
  0x48d28400 JavaThread "Thread-20" daemon [_thread_blocked, id=2468, stack(0x5d220000,0x5d270000)]
  0x49003000 JavaThread "Thread-18" daemon [_thread_in_native, id=3628, stack(0x5b7c0000,0x5b810000)]
=>0x49f1b400 JavaThread "Minecraft main thread" daemon [_thread_in_native, id=3204, stack(0x49c30000,0x49c80000)]
  0x49f1ac00 JavaThread "Timer hack thread" daemon [_thread_blocked, id=3212, stack(0x499b0000,0x49a00000)]
  0x003b6800 JavaThread "DestroyJavaVM" [_thread_blocked, id=4056, stack(0x009c0000,0x00a10000)]
  0x4917b400 JavaThread "TimerQueue" daemon [_thread_blocked, id=2344, stack(0x49960000,0x499b0000)]
  0x490ebc00 JavaThread "AWT-EventQueue-0" [_thread_blocked, id=2160, stack(0x49600000,0x49650000)]
  0x48fd9c00 JavaThread "AWT-Shutdown" [_thread_blocked, id=904, stack(0x495b0000,0x49600000)]
  0x49043c00 JavaThread "AWT-Windows" daemon [_thread_in_native, id=1316, stack(0x49470000,0x494c0000)]
  0x49037c00 JavaThread "Java2D Disposer" daemon [_thread_blocked, id=1320, stack(0x493d0000,0x49420000)]
  0x4902b400 JavaThread "MineProxy Thread" [_thread_in_native, id=4060, stack(0x49330000,0x49380000)]
  0x48ce8400 JavaThread "Low Memory Detector" daemon [_thread_blocked, id=2872, stack(0x48f30000,0x48f80000)]
  0x48ce3400 JavaThread "C1 CompilerThread0" daemon [_thread_blocked, id=3400, stack(0x48ee0000,0x48f30000)]
  0x48cdc400 JavaThread "Attach Listener" daemon [_thread_blocked, id=3532, stack(0x48e90000,0x48ee0000)]
  0x48cdac00 JavaThread "Signal Dispatcher" daemon [_thread_blocked, id=3520, stack(0x48e40000,0x48e90000)]
  0x48cca400 JavaThread "Finalizer" daemon [_thread_blocked, id=3428, stack(0x48df0000,0x48e40000)]
  0x48cc5c00 JavaThread "Reference Handler" daemon [_thread_blocked, id=3528, stack(0x48da0000,0x48df0000)]

Other Threads:
  0x48cc1c00 VMThread [stack: 0x48d50000,0x48da0000] [id=3432]
  0x48ceb000 WatcherThread [stack: 0x48f80000,0x48fd0000] [id=440]

VM state:not at safepoint (normal execution)

VM Mutex/Monitor currently owned by a thread: None

Heap
 def new generation   total 157376K, used 67270K [0x02a90000, 0x0d550000, 0x17fe0000)
  eden space 139904K,  35% used [0x02a90000, 0x05b31b50, 0x0b330000)
  from space 17472K, 100% used [0x0b330000, 0x0c440000, 0x0c440000)
  to   space 17472K,   0% used [0x0c440000, 0x0c440000, 0x0d550000)
 tenured generation   total 349568K, used 106377K [0x17fe0000, 0x2d540000, 0x42a90000)
   the space 349568K,  30% used [0x17fe0000, 0x1e7c2680, 0x1e7c2800, 0x2d540000)
 compacting perm gen  total 20992K, used 20904K [0x42a90000, 0x43f10000, 0x46a90000)
   the space 20992K,  99% used [0x42a90000, 0x43efa248, 0x43efa400, 0x43f10000)
No shared spaces configured.

Code Cache  [0x00a10000, 0x011a8000, 0x02a10000)
 total_blobs=3400 nmethods=3049 adapters=285 free_code_cache=25615616 largest_free_block=192

Dynamic libraries:
0x00400000 - 0x00425000 	C:\Program Files\Java\jre6\bin\javaw.exe
0x7c900000 - 0x7c9af000 	C:\WINDOWS\system32\ntdll.dll
0x7c800000 - 0x7c8f6000 	C:\WINDOWS\system32\kernel32.dll
0x77dd0000 - 0x77e6b000 	C:\WINDOWS\system32\ADVAPI32.dll
0x77e70000 - 0x77f02000 	C:\WINDOWS\system32\RPCRT4.dll
0x77fe0000 - 0x77ff1000 	C:\WINDOWS\system32\Secur32.dll
0x7e410000 - 0x7e4a1000 	C:\WINDOWS\system32\USER32.dll
0x77f10000 - 0x77f59000 	C:\WINDOWS\system32\GDI32.dll
0x76390000 - 0x763ad000 	C:\WINDOWS\system32\IMM32.DLL
0x629c0000 - 0x629c9000 	C:\WINDOWS\system32\LPK.DLL
0x74d90000 - 0x74dfb000 	C:\WINDOWS\system32\USP10.dll
0x7c340000 - 0x7c396000 	C:\Program Files\Java\jre6\bin\msvcr71.dll
0x6d7f0000 - 0x6da9f000 	C:\Program Files\Java\jre6\bin\client\jvm.dll
0x76b40000 - 0x76b6d000 	C:\WINDOWS\system32\WINMM.dll
0x6d7a0000 - 0x6d7ac000 	C:\Program Files\Java\jre6\bin\verify.dll
0x6d320000 - 0x6d33f000 	C:\Program Files\Java\jre6\bin\java.dll
0x6d7e0000 - 0x6d7ef000 	C:\Program Files\Java\jre6\bin\zip.dll
0x6d000000 - 0x6d14c000 	C:\Program Files\Java\jre6\bin\awt.dll
0x73000000 - 0x73026000 	C:\WINDOWS\system32\WINSPOOL.DRV
0x77c10000 - 0x77c68000 	C:\WINDOWS\system32\msvcrt.dll
0x774e0000 - 0x7761d000 	C:\WINDOWS\system32\ole32.dll
0x773d0000 - 0x774d3000 	C:\WINDOWS\WinSxS\x86_Microsoft.Windows.Common-Controls_6595b64144ccf1df_6.0.2600.5512_x-ww_35d4ce83\COMCTL32.dll
0x77f60000 - 0x77fd6000 	C:\WINDOWS\system32\SHLWAPI.dll
0x6d600000 - 0x6d613000 	C:\Program Files\Java\jre6\bin\net.dll
0x71ab0000 - 0x71ac7000 	C:\WINDOWS\system32\WS2_32.dll
0x71aa0000 - 0x71aa8000 	C:\WINDOWS\system32\WS2HELP.dll
0x71a50000 - 0x71a8f000 	C:\WINDOWS\System32\mswsock.dll
0x76f20000 - 0x76f47000 	C:\WINDOWS\system32\DNSAPI.dll
0x76fb0000 - 0x76fb8000 	C:\WINDOWS\System32\winrnr.dll
0x76f60000 - 0x76f8c000 	C:\WINDOWS\system32\WLDAP32.dll
0x64000000 - 0x64021000 	C:\Program Files\Bonjour\mdnsNSP.dll
0x76d60000 - 0x76d79000 	C:\WINDOWS\system32\Iphlpapi.dll
0x76fc0000 - 0x76fc6000 	C:\WINDOWS\system32\rasadhlp.dll
0x662b0000 - 0x66308000 	C:\WINDOWS\system32\hnetcfg.dll
0x71a90000 - 0x71a98000 	C:\WINDOWS\System32\wshtcpip.dll
0x5ad70000 - 0x5ada8000 	C:\WINDOWS\system32\uxtheme.dll
0x74720000 - 0x7476c000 	C:\WINDOWS\system32\MSCTF.dll
0x755c0000 - 0x755ee000 	C:\WINDOWS\system32\msctfime.ime
0x7c9c0000 - 0x7d1d7000 	C:\WINDOWS\system32\shell32.dll
0x6d230000 - 0x6d27f000 	C:\Program Files\Java\jre6\bin\fontmanager.dll
0x6d620000 - 0x6d629000 	C:\Program Files\Java\jre6\bin\nio.dll
0x68000000 - 0x68036000 	C:\WINDOWS\system32\rsaenh.dll
0x769c0000 - 0x76a74000 	C:\WINDOWS\system32\USERENV.dll
0x5b860000 - 0x5b8b5000 	C:\WINDOWS\system32\netapi32.dll
0x49c80000 - 0x49cf3000 	C:\Documents and Settings\Administrator\Application Data\.minecraft\bin\natives\lwjgl.dll
0x5ed00000 - 0x5edcc000 	C:\WINDOWS\system32\OPENGL32.dll
0x68b20000 - 0x68b40000 	C:\WINDOWS\system32\GLU32.dll
0x73760000 - 0x737ab000 	C:\WINDOWS\system32\DDRAW.dll
0x73bc0000 - 0x73bc6000 	C:\WINDOWS\system32\DCIMAN32.dll
0x77c00000 - 0x77c08000 	C:\WINDOWS\system32\VERSION.dll
0x6d350000 - 0x6d356000 	C:\Program Files\Java\jre6\bin\jawt.dll
0x522e0000 - 0x527bb000 	C:\WINDOWS\system32\ig4icd32.dll
0x52850000 - 0x52b68000 	C:\WINDOWS\system32\ig4dev32.dll
0x49bb0000 - 0x49bc6000 	C:\Documents and Settings\Administrator\Application Data\.minecraft\bin\natives\jinput-dx8.dll
0x6ce10000 - 0x6ce48000 	C:\WINDOWS\system32\DINPUT8.dll
0x688f0000 - 0x688f9000 	C:\WINDOWS\system32\HID.DLL
0x77920000 - 0x77a13000 	C:\WINDOWS\system32\SETUPAPI.DLL
0x76c30000 - 0x76c5e000 	C:\WINDOWS\system32\WINTRUST.dll
0x77a80000 - 0x77b15000 	C:\WINDOWS\system32\CRYPT32.dll
0x77b20000 - 0x77b32000 	C:\WINDOWS\system32\MSASN1.dll
0x76c90000 - 0x76cb8000 	C:\WINDOWS\system32\IMAGEHLP.dll
0x49bf0000 - 0x49c05000 	C:\Documents and Settings\Administrator\Application Data\.minecraft\bin\natives\jinput-raw.dll
0x5d2c0000 - 0x5d321000 	C:\Documents and Settings\Administrator\Application Data\.minecraft\bin\natives\OpenAL32.dll
0x76fd0000 - 0x7704f000 	C:\WINDOWS\system32\CLBCATQ.DLL
0x77050000 - 0x77115000 	C:\WINDOWS\system32\COMRes.dll
0x77120000 - 0x771ab000 	C:\WINDOWS\system32\OLEAUT32.dll
0x73f10000 - 0x73f6c000 	C:\WINDOWS\system32\dsound.dll
0x72d20000 - 0x72d29000 	C:\WINDOWS\system32\wdmaud.drv
0x72d10000 - 0x72d18000 	C:\WINDOWS\system32\msacm32.drv
0x77be0000 - 0x77bf5000 	C:\WINDOWS\system32\MSACM32.dll
0x77bd0000 - 0x77bd7000 	C:\WINDOWS\system32\midimap.dll
0x73ee0000 - 0x73ee4000 	C:\WINDOWS\system32\KsUser.dll
0x6d780000 - 0x6d788000 	C:\Program Files\Java\jre6\bin\sunmscapi.dll
0x5b820000 - 0x5b82b000 	C:\WINDOWS\system32\PSAPI.DLL

VM Arguments:
jvm_args: -Xms512m -Xmx1024m 
java_command: C:\Documents and Settings\Administrator\Application Data\.minecraft\Fix-Minecraft.exe
Launcher Type: SUN_STANDARD

Environment Variables:
PATH=C:\WINDOWS\system32;C:\WINDOWS;C:\WINDOWS\System32\Wbem;C:\Program Files\Java\jre6\bin
USERNAME=Administrator
OS=Windows_NT
PROCESSOR_IDENTIFIER=x86 Family 6 Model 15 Stepping 13, GenuineIntel



---------------  S Y S T E M  ---------------

OS: Windows XP Build 2600 Service Pack 3

CPU:total 2 (2 cores per cpu, 1 threads per core) family 6 model 15 stepping 13, cmov, cx8, fxsr, mmx, sse, sse2, sse3, ssse3

Memory: 4k page, physical 1958704k(583436k free), swap 3897892k(2338980k free)

vm_info: Java HotSpot(TM) Client VM (20.6-b01) for windows-x86 JRE (1.6.0_31-b05), built on Feb  3 2012 18:44:09 by "java_re" with MS VC++ 7.1 (VS2003)

time: Sun May 27 10:58:19 2012
elapsed time: 551 seconds

