#
# A fatal error has been detected by the Java Runtime Environment:
#
#  EXCEPTION_ACCESS_VIOLATION (0xc0000005) at pc=0x51e3db6e, pid=3596, tid=3168
#
# JRE version: 7.0_05-b05
# Java VM: Java HotSpot(TM) Client VM (23.1-b03 mixed mode windows-x86 )
# Problematic frame:
# C  [ig4icd32.dll+0x1db6e]
#
# Failed to write core dump. Minidumps are not enabled by default on client versions of Windows
#
# If you would like to submit a bug report, please visit:
#   http://bugreport.sun.com/bugreport/crash.jsp
# The crash happened outside the Java Virtual Machine in native code.
# See problematic frame for where to report the bug.
#

---------------  T H R E A D  ---------------

Current thread (0x494bc400):  JavaThread "Minecraft main thread" daemon [_thread_in_native, id=3168, stack(0x49d50000,0x49da0000)]

siginfo: ExceptionCode=0xc0000005, reading address 0x00000008

Registers:
EAX=0x0000000c, EBX=0x00000004, ECX=0x00000003, EDX=0x00000000
ESP=0x49d9f1d8, EBP=0x0000000c, ESI=0x00000008, EDI=0x73daa774
EIP=0x51e3db6e, EFLAGS=0x00010206

Top of Stack: (sp=0x49d9f1d8)
0x49d9f1d8:   494bc400 001235f0 49d9f390 00000000
0x49d9f1e8:   000084c0 00000000 00000000 6cf8bfec
0x49d9f1f8:   00000000 51e439e0 6cfcaa08 00000100
0x49d9f208:   00000000 001235f0 00000001 00000400
0x49d9f218:   0000036c 6cfca910 001246d0 73daa774
0x49d9f228:   73daa774 00000000 00000000 00000000
0x49d9f238:   00000000 00000000 00000000 00000000
0x49d9f248:   00000000 00000000 00000000 00000000 

Instructions: (pc=0x51e3db6e)
0x51e3db4e:   94 50 c1 e0 04 8b a8 48 d5 26 52 8b 80 44 d5 26
0x51e3db5e:   52 8b cd 8d 74 18 04 8b c1 c1 e9 02 89 7c 24 4c
0x51e3db6e:   f3 a5 8b c8 83 e1 03 f3 a4 8b 4c 24 4c 03 cd 85
0x51e3db7e:   d2 8b 6c 24 34 89 4c 94 50 75 93 8b 44 24 40 8b 


Register to memory mapping:

EAX=0x0000000c is an unknown value
EBX=0x00000004 is an unknown value
ECX=0x00000003 is an unknown value
EDX=0x00000000 is an unknown value
ESP=0x49d9f1d8 is pointing into the stack for thread: 0x494bc400
EBP=0x0000000c is an unknown value
ESI=0x00000008 is an unknown value
EDI=0x73daa774 is an unknown value


Stack: [0x49d50000,0x49da0000],  sp=0x49d9f1d8,  free space=316k
Native frames: (J=compiled Java code, j=interpreted, Vv=VM code, C=native code)
C  [ig4icd32.dll+0x1db6e]

[error occurred during error reporting (printing native stack), id 0xc0000005]

Java frames: (J=compiled Java code, j=interpreted, Vv=VM code)
J  org.lwjgl.opengl.GL11.nglPopMatrix(J)V
J  ct.a()V
J  l.a(Lacq;Z)Z
J  lr.a(FJ)V
J  lr.b(F)V
J  EntityRendererProxy.b(F)V
J  net.minecraft.client.Minecraft.x()V
J  net.minecraft.client.Minecraft.run()V
j  java.lang.Thread.run()V+11
v  ~StubRoutines::call_stub

---------------  P R O C E S S  ---------------

Java Threads: ( => current thread )
  0x6805a400 JavaThread "Client write thread" daemon [_thread_blocked, id=3032, stack(0x49a20000,0x49a70000)]
  0x6837b400 JavaThread "Client read thread" daemon [_thread_in_native, id=580, stack(0x499d0000,0x49a20000)]
  0x494e7c00 JavaThread "File IO Thread" daemon [_thread_blocked, id=1172, stack(0x49920000,0x49970000)]
  0x02ab0400 JavaThread "Thread-10" daemon [_thread_blocked, id=3412, stack(0x5b5c0000,0x5b610000)]
  0x02ab1000 JavaThread "Thread-9" daemon [_thread_blocked, id=3892, stack(0x5ad00000,0x5ad50000)]
  0x02ab2400 JavaThread "Thread-8" daemon [_thread_in_native, id=1820, stack(0x5ac60000,0x5acb0000)]
=>0x494bc400 JavaThread "Minecraft main thread" daemon [_thread_in_native, id=3168, stack(0x49d50000,0x49da0000)]
  0x494bb000 JavaThread "Timer hack thread" daemon [_thread_blocked, id=3172, stack(0x49b60000,0x49bb0000)]
  0x003d8800 JavaThread "DestroyJavaVM" [_thread_blocked, id=2320, stack(0x00900000,0x00950000)]
  0x49399000 JavaThread "AWT-EventQueue-0" [_thread_blocked, id=3156, stack(0x49770000,0x497c0000)]
  0x48ec0000 JavaThread "AWT-Windows" daemon [_thread_in_native, id=1920, stack(0x49200000,0x49250000)]
  0x48ebe800 JavaThread "AWT-Shutdown" [_thread_blocked, id=2892, stack(0x491b0000,0x49200000)]
  0x48ebd000 JavaThread "Java2D Disposer" daemon [_thread_blocked, id=2168, stack(0x49160000,0x491b0000)]
  0x48e0a000 JavaThread "Service Thread" daemon [_thread_blocked, id=432, stack(0x490c0000,0x49110000)]
  0x48dff400 JavaThread "C1 CompilerThread0" daemon [_thread_blocked, id=2972, stack(0x49070000,0x490c0000)]
  0x48dfd800 JavaThread "Attach Listener" daemon [_thread_blocked, id=228, stack(0x49020000,0x49070000)]
  0x48dfc400 JavaThread "Signal Dispatcher" daemon [_thread_blocked, id=4068, stack(0x48fd0000,0x49020000)]
  0x02ae5400 JavaThread "Finalizer" daemon [_thread_blocked, id=2964, stack(0x48d60000,0x48db0000)]
  0x02ae0400 JavaThread "Reference Handler" daemon [_thread_blocked, id=3852, stack(0x48d10000,0x48d60000)]

Other Threads:
  0x02adac00 VMThread [stack: 0x48cc0000,0x48d10000] [id=1316]
  0x48e21000 WatcherThread [stack: 0x49110000,0x49160000] [id=3580]

VM state:not at safepoint (normal execution)

VM Mutex/Monitor currently owned by a thread: None

Heap
 def new generation   total 157376K, used 74763K [0x02b00000, 0x0d5c0000, 0x18050000)
  eden space 139904K,  40% used [0x02b00000, 0x062f2d58, 0x0b3a0000)
  from space 17472K, 100% used [0x0b3a0000, 0x0c4b0000, 0x0c4b0000)
  to   space 17472K,   0% used [0x0c4b0000, 0x0c4b0000, 0x0d5c0000)
 tenured generation   total 349568K, used 70476K [0x18050000, 0x2d5b0000, 0x42b00000)
   the space 349568K,  20% used [0x18050000, 0x1c523130, 0x1c523200, 0x2d5b0000)
 compacting perm gen  total 16896K, used 16839K [0x42b00000, 0x43b80000, 0x46b00000)
   the space 16896K,  99% used [0x42b00000, 0x43b71c00, 0x43b71c00, 0x43b80000)
No shared spaces configured.

Code Cache  [0x00980000, 0x011c8000, 0x02980000)
 total_blobs=3671 nmethods=3311 adapters=293 free_code_cache=24304Kb largest_free_block=24886656

Compilation events (10 events):
Event: 4444.468 Thread 0x48dff400 3303             aad::b (66 bytes)
Event: 4444.469 Thread 0x48dff400 nmethod 3303 0x011c2488 code [0x011c2590, 0x011c26d0]
Event: 4444.469 Thread 0x48dff400 3304             alg::e (12 bytes)
Event: 4444.469 Thread 0x48dff400 nmethod 3304 0x011c27c8 code [0x011c28c0, 0x011c2940]
Event: 4444.469 Thread 0x48dff400 3305             all::e (470 bytes)
Event: 4444.471 Thread 0x48dff400 nmethod 3305 0x011c2988 code [0x011c2c80, 0x011c32b4]
Event: 4444.471 Thread 0x48dff400 3306             all::a_ (17 bytes)
Event: 4444.471 Thread 0x48dff400 nmethod 3306 0x011c3648 code [0x011c3740, 0x011c37dc]
Event: 4445.427 Thread 0x48dff400 3307             sun.nio.cs.FastCharsetProvider::toLower (122 bytes)
Event: 4445.429 Thread 0x48dff400 nmethod 3307 0x011c3848 code [0x011c3990, 0x011c3e04]

GC Heap History (10 events):
Event: 4340.126 GC heap before
{Heap before GC invocations=42 (full 2):
 def new generation   total 157376K, used 147016K [0x02b00000, 0x0d5c0000, 0x18050000)
  eden space 139904K, 100% used [0x02b00000, 0x0b3a0000, 0x0b3a0000)
  from space 17472K,  40% used [0x0b3a0000, 0x0ba92178, 0x0c4b0000)
  to   space 17472K,   0% used [0x0c4b0000, 0x0c4b0000, 0x0d5c0000)
 tenured generation   total 349568K, used 72621K [0x18050000, 0x2d5b0000, 0x42b00000)
   the space 349568K,  20% used [0x18050000, 0x1c73b710, 0x1c73b800, 0x2d5b0000)
 compacting perm gen  total 16896K, used 16810K [0x42b00000, 0x43b80000, 0x46b00000)
   the space 16896K,  99% used [0x42b00000, 0x43b6ab10, 0x43b6ac00, 0x43b80000)
No shared spaces configured.
Event: 4340.143 GC heap after
Heap after GC invocations=43 (full 2):
 def new generation   total 157376K, used 6468K [0x02b00000, 0x0d5c0000, 0x18050000)
  eden space 139904K,   0% used [0x02b00000, 0x02b00000, 0x0b3a0000)
  from space 17472K,  37% used [0x0c4b0000, 0x0cb01040, 0x0d5c0000)
  to   space 17472K,   0% used [0x0b3a0000, 0x0b3a0000, 0x0c4b0000)
 tenured generation   total 349568K, used 73476K [0x18050000, 0x2d5b0000, 0x42b00000)
   the space 349568K,  21% used [0x18050000, 0x1c811078, 0x1c811200, 0x2d5b0000)
 compacting perm gen  total 16896K, used 16810K [0x42b00000, 0x43b80000, 0x46b00000)
   the space 16896K,  99% used [0x42b00000, 0x43b6ab10, 0x43b6ac00, 0x43b80000)
No shared spaces configured.
}
Event: 4355.955 GC heap before
{Heap before GC invocations=43 (full 2):
 def new generation   total 157376K, used 22870K [0x02b00000, 0x0d5c0000, 0x18050000)
  eden space 139904K,  11% used [0x02b00000, 0x03b04a88, 0x0b3a0000)
  from space 17472K,  37% used [0x0c4b0000, 0x0cb01040, 0x0d5c0000)
  to   space 17472K,   0% used [0x0b3a0000, 0x0b3a0000, 0x0c4b0000)
 tenured generation   total 349568K, used 73476K [0x18050000, 0x2d5b0000, 0x42b00000)
   the space 349568K,  21% used [0x18050000, 0x1c811078, 0x1c811200, 0x2d5b0000)
 compacting perm gen  total 16896K, used 16820K [0x42b00000, 0x43b80000, 0x46b00000)
   the space 16896K,  99% used [0x42b00000, 0x43b6d2a0, 0x43b6d400, 0x43b80000)
No shared spaces configured.
Event: 4356.202 GC heap after
Heap after GC invocations=44 (full 3):
 def new generation   total 157376K, used 0K [0x02b00000, 0x0d5c0000, 0x18050000)
  eden space 139904K,   0% used [0x02b00000, 0x02b00000, 0x0b3a0000)
  from space 17472K,   0% used [0x0c4b0000, 0x0c4b0000, 0x0d5c0000)
  to   space 17472K,   0% used [0x0b3a0000, 0x0b3a0000, 0x0c4b0000)
 tenured generation   total 349568K, used 79680K [0x18050000, 0x2d5b0000, 0x42b00000)
   the space 349568K,  22% used [0x18050000, 0x1ce20198, 0x1ce20200, 0x2d5b0000)
 compacting perm gen  total 16896K, used 16820K [0x42b00000, 0x43b80000, 0x46b00000)
   the space 16896K,  99% used [0x42b00000, 0x43b6d2a0, 0x43b6d400, 0x43b80000)
No shared spaces configured.
}
Event: 4368.312 GC heap before
{Heap before GC invocations=44 (full 3):
 def new generation   total 157376K, used 18058K [0x02b00000, 0x0d5c0000, 0x18050000)
  eden space 139904K,  12% used [0x02b00000, 0x03ca28e8, 0x0b3a0000)
  from space 17472K,   0% used [0x0c4b0000, 0x0c4b0000, 0x0d5c0000)
  to   space 17472K,   0% used [0x0b3a0000, 0x0b3a0000, 0x0c4b0000)
 tenured generation   total 349568K, used 79680K [0x18050000, 0x2d5b0000, 0x42b00000)
   the space 349568K,  22% used [0x18050000, 0x1ce20198, 0x1ce20200, 0x2d5b0000)
 compacting perm gen  total 16896K, used 16821K [0x42b00000, 0x43b80000, 0x46b00000)
   the space 16896K,  99% used [0x42b00000, 0x43b6d400, 0x43b6d400, 0x43b80000)
No shared spaces configured.
Event: 4368.617 GC heap after
Heap after GC invocations=45 (full 4):
 def new generation   total 157376K, used 0K [0x02b00000, 0x0d5c0000, 0x18050000)
  eden space 139904K,   0% used [0x02b00000, 0x02b00000, 0x0b3a0000)
  from space 17472K,   0% used [0x0c4b0000, 0x0c4b0000, 0x0d5c0000)
  to   space 17472K,   0% used [0x0b3a0000, 0x0b3a0000, 0x0c4b0000)
 tenured generation   total 349568K, used 61106K [0x18050000, 0x2d5b0000, 0x42b00000)
   the space 349568K,  17% used [0x18050000, 0x1bbfcb38, 0x1bbfcc00, 0x2d5b0000)
 compacting perm gen  total 16896K, used 16780K [0x42b00000, 0x43b80000, 0x46b00000)
   the space 16896K,  99% used [0x42b00000, 0x43b630b8, 0x43b63200, 0x43b80000)
No shared spaces configured.
}
Event: 4369.394 GC heap before
{Heap before GC invocations=45 (full 4):
 def new generation   total 157376K, used 4280K [0x02b00000, 0x0d5c0000, 0x18050000)
  eden space 139904K,   3% used [0x02b00000, 0x02f2e2d8, 0x0b3a0000)
  from space 17472K,   0% used [0x0c4b0000, 0x0c4b0000, 0x0d5c0000)
  to   space 17472K,   0% used [0x0b3a0000, 0x0b3a0000, 0x0c4b0000)
 tenured generation   total 349568K, used 61106K [0x18050000, 0x2d5b0000, 0x42b00000)
   the space 349568K,  17% used [0x18050000, 0x1bbfcb38, 0x1bbfcc00, 0x2d5b0000)
 compacting perm gen  total 16896K, used 16807K [0x42b00000, 0x43b80000, 0x46b00000)
   the space 16896K,  99% used [0x42b00000, 0x43b69de8, 0x43b69e00, 0x43b80000)
No shared spaces configured.
Event: 4369.536 GC heap after
Heap after GC invocations=46 (full 5):
 def new generation   total 157376K, used 0K [0x02b00000, 0x0d5c0000, 0x18050000)
  eden space 139904K,   0% used [0x02b00000, 0x02b00000, 0x0b3a0000)
  from space 17472K,   0% used [0x0c4b0000, 0x0c4b0000, 0x0d5c0000)
  to   space 17472K,   0% used [0x0b3a0000, 0x0b3a0000, 0x0c4b0000)
 tenured generation   total 349568K, used 62601K [0x18050000, 0x2d5b0000, 0x42b00000)
   the space 349568K,  17% used [0x18050000, 0x1bd72710, 0x1bd72800, 0x2d5b0000)
 compacting perm gen  total 16896K, used 16807K [0x42b00000, 0x43b80000, 0x46b00000)
   the space 16896K,  99% used [0x42b00000, 0x43b69de8, 0x43b69e00, 0x43b80000)
No shared spaces configured.
}
Event: 4421.155 GC heap before
{Heap before GC invocations=46 (full 5):
 def new generation   total 157376K, used 139904K [0x02b00000, 0x0d5c0000, 0x18050000)
  eden space 139904K, 100% used [0x02b00000, 0x0b3a0000, 0x0b3a0000)
  from space 17472K,   0% used [0x0c4b0000, 0x0c4b0000, 0x0d5c0000)
  to   space 17472K,   0% used [0x0b3a0000, 0x0b3a0000, 0x0c4b0000)
 tenured generation   total 349568K, used 62601K [0x18050000, 0x2d5b0000, 0x42b00000)
   the space 349568K,  17% used [0x18050000, 0x1bd72710, 0x1bd72800, 0x2d5b0000)
 compacting perm gen  total 16896K, used 16839K [0x42b00000, 0x43b80000, 0x46b00000)
   the space 16896K,  99% used [0x42b00000, 0x43b71c00, 0x43b71c00, 0x43b80000)
No shared spaces configured.
Event: 4421.198 GC heap after
Heap after GC invocations=47 (full 5):
 def new generation   total 157376K, used 17472K [0x02b00000, 0x0d5c0000, 0x18050000)
  eden space 139904K,   0% used [0x02b00000, 0x02b00000, 0x0b3a0000)
  from space 17472K, 100% used [0x0b3a0000, 0x0c4b0000, 0x0c4b0000)
  to   space 17472K,   0% used [0x0c4b0000, 0x0c4b0000, 0x0d5c0000)
 tenured generation   total 349568K, used 70476K [0x18050000, 0x2d5b0000, 0x42b00000)
   the space 349568K,  20% used [0x18050000, 0x1c523130, 0x1c523200, 0x2d5b0000)
 compacting perm gen  total 16896K, used 16839K [0x42b00000, 0x43b80000, 0x46b00000)
   the space 16896K,  99% used [0x42b00000, 0x43b71c00, 0x43b71c00, 0x43b80000)
No shared spaces configured.
}

Deoptimization events (0 events):
No events

Internal exceptions (10 events):
Event: 4457.155 Thread 0x6805a400 Threw 0x02d50f70 at C:\jdk7u5_32P\jdk7u5\hotspot\src\share\vm\prims\jvm.cpp:2888
Event: 4457.160 Thread 0x6805a400 Threw 0x02d510d0 at C:\jdk7u5_32P\jdk7u5\hotspot\src\share\vm\prims\jvm.cpp:2888
Event: 4457.167 Thread 0x6805a400 Threw 0x02d51230 at C:\jdk7u5_32P\jdk7u5\hotspot\src\share\vm\prims\jvm.cpp:2888
Event: 4457.169 Thread 0x02ab1000 Threw 0x05dafb10 at C:\jdk7u5_32P\jdk7u5\hotspot\src\share\vm\prims\jvm.cpp:2888
Event: 4457.346 Thread 0x6805a400 Threw 0x02d51390 at C:\jdk7u5_32P\jdk7u5\hotspot\src\share\vm\prims\jvm.cpp:2888
Event: 4457.354 Thread 0x6805a400 Threw 0x02d514f0 at C:\jdk7u5_32P\jdk7u5\hotspot\src\share\vm\prims\jvm.cpp:2888
Event: 4457.355 Thread 0x6805a400 Threw 0x02d51650 at C:\jdk7u5_32P\jdk7u5\hotspot\src\share\vm\prims\jvm.cpp:2888
Event: 4457.361 Thread 0x6805a400 Threw 0x02d517b0 at C:\jdk7u5_32P\jdk7u5\hotspot\src\share\vm\prims\jvm.cpp:2888
Event: 4457.368 Thread 0x6805a400 Threw 0x02d51910 at C:\jdk7u5_32P\jdk7u5\hotspot\src\share\vm\prims\jvm.cpp:2888
Event: 4457.369 Thread 0x02ab1000 Threw 0x05dafcb0 at C:\jdk7u5_32P\jdk7u5\hotspot\src\share\vm\prims\jvm.cpp:2888

Events (10 events):
Event: 4445.961 Executing VM operation: RevokeBias done
Event: 4445.961 Thread 0x68388c00 Thread exited: 0x68388c00
Event: 4449.713 Thread 0x68388c00 Thread added: 0x68388c00
Event: 4449.719 Executing VM operation: RevokeBias
Event: 4449.719 Executing VM operation: RevokeBias done
Event: 4449.719 Thread 0x68388c00 Thread exited: 0x68388c00
Event: 4454.817 Thread 0x68388c00 Thread added: 0x68388c00
Event: 4454.824 Executing VM operation: RevokeBias
Event: 4454.824 Executing VM operation: RevokeBias done
Event: 4454.824 Thread 0x68388c00 Thread exited: 0x68388c00


Dynamic libraries:
0x00400000 - 0x0042f000 	C:\WINDOWS\system32\javaw.exe
0x7c900000 - 0x7c9af000 	C:\WINDOWS\system32\ntdll.dll
0x7c800000 - 0x7c8f6000 	C:\WINDOWS\system32\kernel32.dll
0x77dd0000 - 0x77e6b000 	C:\WINDOWS\system32\ADVAPI32.dll
0x77e70000 - 0x77f02000 	C:\WINDOWS\system32\RPCRT4.dll
0x77fe0000 - 0x77ff1000 	C:\WINDOWS\system32\Secur32.dll
0x7e410000 - 0x7e4a1000 	C:\WINDOWS\system32\USER32.dll
0x77f10000 - 0x77f59000 	C:\WINDOWS\system32\GDI32.dll
0x773d0000 - 0x774d3000 	C:\WINDOWS\WinSxS\x86_Microsoft.Windows.Common-Controls_6595b64144ccf1df_6.0.2600.5512_x-ww_35d4ce83\COMCTL32.dll
0x77c10000 - 0x77c68000 	C:\WINDOWS\system32\msvcrt.dll
0x77f60000 - 0x77fd6000 	C:\WINDOWS\system32\SHLWAPI.dll
0x76390000 - 0x763ad000 	C:\WINDOWS\system32\IMM32.DLL
0x629c0000 - 0x629c9000 	C:\WINDOWS\system32\LPK.DLL
0x74d90000 - 0x74dfb000 	C:\WINDOWS\system32\USP10.dll
0x78aa0000 - 0x78b5e000 	C:\Program Files\Java\jre7\bin\msvcr100.dll
0x6d880000 - 0x6dbca000 	C:\Program Files\Java\jre7\bin\client\jvm.dll
0x71ad0000 - 0x71ad9000 	C:\WINDOWS\system32\WSOCK32.dll
0x71ab0000 - 0x71ac7000 	C:\WINDOWS\system32\WS2_32.dll
0x71aa0000 - 0x71aa8000 	C:\WINDOWS\system32\WS2HELP.dll
0x76b40000 - 0x76b6d000 	C:\WINDOWS\system32\WINMM.dll
0x76bf0000 - 0x76bfb000 	C:\WINDOWS\system32\PSAPI.DLL
0x6d810000 - 0x6d81c000 	C:\Program Files\Java\jre7\bin\verify.dll
0x6d2f0000 - 0x6d310000 	C:\Program Files\Java\jre7\bin\java.dll
0x6d860000 - 0x6d873000 	C:\Program Files\Java\jre7\bin\zip.dll
0x6d000000 - 0x6d142000 	C:\Program Files\Java\jre7\bin\awt.dll
0x77120000 - 0x771ab000 	C:\WINDOWS\system32\OLEAUT32.dll
0x774e0000 - 0x7761d000 	C:\WINDOWS\system32\ole32.dll
0x5ad70000 - 0x5ada8000 	C:\WINDOWS\system32\uxtheme.dll
0x74720000 - 0x7476c000 	C:\WINDOWS\system32\MSCTF.dll
0x755c0000 - 0x755ee000 	C:\WINDOWS\system32\msctfime.ime
0x68000000 - 0x68036000 	C:\WINDOWS\system32\rsaenh.dll
0x769c0000 - 0x76a74000 	C:\WINDOWS\system32\USERENV.dll
0x5b860000 - 0x5b8b5000 	C:\WINDOWS\system32\netapi32.dll
0x6d610000 - 0x6d624000 	C:\Program Files\Java\jre7\bin\net.dll
0x71a50000 - 0x71a8f000 	C:\WINDOWS\System32\mswsock.dll
0x76f20000 - 0x76f47000 	C:\WINDOWS\system32\DNSAPI.dll
0x76fb0000 - 0x76fb8000 	C:\WINDOWS\System32\winrnr.dll
0x76f60000 - 0x76f8c000 	C:\WINDOWS\system32\WLDAP32.dll
0x64000000 - 0x64021000 	C:\Program Files\Bonjour\mdnsNSP.dll
0x76d60000 - 0x76d79000 	C:\WINDOWS\system32\Iphlpapi.dll
0x76fc0000 - 0x76fc6000 	C:\WINDOWS\system32\rasadhlp.dll
0x6d630000 - 0x6d63f000 	C:\Program Files\Java\jre7\bin\nio.dll
0x6d780000 - 0x6d7a0000 	C:\Program Files\Java\jre7\bin\sunec.dll
0x6d240000 - 0x6d26a000 	C:\Program Files\Java\jre7\bin\fontmanager.dll
0x6d7b0000 - 0x6d7e1000 	C:\Program Files\Java\jre7\bin\t2k.dll
0x49da0000 - 0x49e13000 	C:\Documents and Settings\Administrator\Application Data\.minecraft\bin\natives\lwjgl.dll
0x5ed00000 - 0x5edcc000 	C:\WINDOWS\system32\OPENGL32.dll
0x68b20000 - 0x68b40000 	C:\WINDOWS\system32\GLU32.dll
0x73760000 - 0x737ab000 	C:\WINDOWS\system32\DDRAW.dll
0x73bc0000 - 0x73bc6000 	C:\WINDOWS\system32\DCIMAN32.dll
0x77c00000 - 0x77c08000 	C:\WINDOWS\system32\VERSION.dll
0x6d320000 - 0x6d326000 	C:\Program Files\Java\jre7\bin\jawt.dll
0x51e20000 - 0x522fb000 	C:\WINDOWS\system32\ig4icd32.dll
0x52390000 - 0x526a8000 	C:\WINDOWS\system32\ig4dev32.dll
0x662b0000 - 0x66308000 	C:\WINDOWS\system32\hnetcfg.dll
0x71a90000 - 0x71a98000 	C:\WINDOWS\System32\wshtcpip.dll
0x5aaa0000 - 0x5aab6000 	C:\Documents and Settings\Administrator\Application Data\.minecraft\bin\natives\jinput-dx8.dll
0x6ce10000 - 0x6ce48000 	C:\WINDOWS\system32\DINPUT8.dll
0x688f0000 - 0x688f9000 	C:\WINDOWS\system32\HID.DLL
0x77920000 - 0x77a13000 	C:\WINDOWS\system32\SETUPAPI.DLL
0x76c30000 - 0x76c5e000 	C:\WINDOWS\system32\WINTRUST.dll
0x77a80000 - 0x77b15000 	C:\WINDOWS\system32\CRYPT32.dll
0x77b20000 - 0x77b32000 	C:\WINDOWS\system32\MSASN1.dll
0x76c90000 - 0x76cb8000 	C:\WINDOWS\system32\IMAGEHLP.dll
0x5ac30000 - 0x5ac45000 	C:\Documents and Settings\Administrator\Application Data\.minecraft\bin\natives\jinput-raw.dll
0x5b610000 - 0x5b671000 	C:\Documents and Settings\Administrator\Application Data\.minecraft\bin\natives\OpenAL32.dll
0x7c9c0000 - 0x7d1d7000 	C:\WINDOWS\system32\SHELL32.dll
0x76fd0000 - 0x7704f000 	C:\WINDOWS\system32\CLBCATQ.DLL
0x77050000 - 0x77115000 	C:\WINDOWS\system32\COMRes.dll
0x73f10000 - 0x73f6c000 	C:\WINDOWS\system32\dsound.dll
0x72d20000 - 0x72d29000 	C:\WINDOWS\system32\wdmaud.drv
0x72d10000 - 0x72d18000 	C:\WINDOWS\system32\msacm32.drv
0x77be0000 - 0x77bf5000 	C:\WINDOWS\system32\MSACM32.dll
0x77bd0000 - 0x77bd7000 	C:\WINDOWS\system32\midimap.dll
0x73ee0000 - 0x73ee4000 	C:\WINDOWS\system32\KsUser.dll
0x6d7a0000 - 0x6d7a9000 	C:\Program Files\Java\jre7\bin\sunmscapi.dll

VM Arguments:
jvm_args: -Xms512m -Xmx1024m -Dsun.java2d.noddraw=true -Dsun.java2d.d3d=false -Dsun.java2d.opengl=false -Dsun.java2d.pmoffscreen=false 
java_command: net.minecraft.LauncherFrame
Launcher Type: SUN_STANDARD

Environment Variables:
PATH=C:\WINDOWS\system32;C:\WINDOWS;C:\WINDOWS\System32\Wbem;c:\program files\java\jre7\bin
USERNAME=Administrator
OS=Windows_NT
PROCESSOR_IDENTIFIER=x86 Family 6 Model 15 Stepping 13, GenuineIntel



---------------  S Y S T E M  ---------------

OS: Windows XP Build 2600 Service Pack 3

CPU:total 2 (2 cores per cpu, 1 threads per core) family 6 model 15 stepping 13, cmov, cx8, fxsr, mmx, sse, sse2, sse3, ssse3, tsc

Memory: 4k page, physical 1958704k(657100k free), swap 3897892k(2352668k free)

vm_info: Java HotSpot(TM) Client VM (23.1-b03) for windows-x86 JRE (1.7.0_05-b05), built on May 15 2012 18:11:27 by "java_re" with unknown MS VC++:1600

time: Fri Jun 29 21:01:17 2012
elapsed time: 4457 seconds

