#
# A fatal error has been detected by the Java Runtime Environment:
#
#  EXCEPTION_ACCESS_VIOLATION (0xc0000005) at pc=0x51eadb6e, pid=2244, tid=2220
#
# JRE version: 7.0_05-b05
# Java VM: Java HotSpot(TM) Client VM (23.1-b03 mixed mode windows-x86 )
# Problematic frame:
# C  [ig4icd32.dll+0x1db6e]
#
# Failed to write core dump. Minidumps are not enabled by default on client versions of Windows
#
# If you would like to submit a bug report, please visit:
#   http://bugreport.sun.com/bugreport/crash.jsp
# The crash happened outside the Java Virtual Machine in native code.
# See problematic frame for where to report the bug.
#

---------------  T H R E A D  ---------------

Current thread (0x494be000):  JavaThread "Minecraft main thread" daemon [_thread_in_native, id=2220, stack(0x49dc0000,0x49e10000)]

siginfo: ExceptionCode=0xc0000005, reading address 0x0000000c

Registers:
EAX=0x00000008, EBX=0x00000004, ECX=0x00000002, EDX=0x00000015
ESP=0x49e0f208, EBP=0x00000008, ESI=0x0000000c, EDI=0x71fd9494
EIP=0x51eadb6e, EFLAGS=0x00010202

Top of Stack: (sp=0x49e0f208)
0x49e0f208:   494be000 001233f0 49e0f3c0 00000000
0x49e0f218:   000084c0 00000000 00000000 6d291f84
0x49e0f228:   00000000 51eb39e0 6d28e0c8 00000100
0x49e0f238:   00000000 001233f0 00000001 000004b8
0x49e0f248:   00000491 6d28dfd0 001244c4 71fd9494
0x49e0f258:   7692ba50 00000000 00000000 00000000
0x49e0f268:   00000000 00000000 00000000 00000000
0x49e0f278:   00000000 00000000 00000000 00000000 

Instructions: (pc=0x51eadb6e)
0x51eadb4e:   94 50 c1 e0 04 8b a8 48 d5 2d 52 8b 80 44 d5 2d
0x51eadb5e:   52 8b cd 8d 74 18 04 8b c1 c1 e9 02 89 7c 24 4c
0x51eadb6e:   f3 a5 8b c8 83 e1 03 f3 a4 8b 4c 24 4c 03 cd 85
0x51eadb7e:   d2 8b 6c 24 34 89 4c 94 50 75 93 8b 44 24 40 8b 


Register to memory mapping:

EAX=0x00000008 is an unknown value
EBX=0x00000004 is an unknown value
ECX=0x00000002 is an unknown value
EDX=0x00000015 is an unknown value
ESP=0x49e0f208 is pointing into the stack for thread: 0x494be000
EBP=0x00000008 is an unknown value
ESI=0x0000000c is an unknown value
EDI=0x71fd9494 is an unknown value


Stack: [0x49dc0000,0x49e10000],  sp=0x49e0f208,  free space=316k
Native frames: (J=compiled Java code, j=interpreted, Vv=VM code, C=native code)
C  [ig4icd32.dll+0x1db6e]

[error occurred during error reporting (printing native stack), id 0xc0000005]

Java frames: (J=compiled Java code, j=interpreted, Vv=VM code)
J  org.lwjgl.opengl.GL11.nglPopMatrix(J)V
J  ct.a()V
J  l.a(Lacq;Z)Z
J  lr.a(FJ)V
J  lr.b(F)V
J  EntityRendererProxy.b(F)V
J  net.minecraft.client.Minecraft.x()V
j  net.minecraft.client.Minecraft.run()V+41
j  java.lang.Thread.run()V+11
v  ~StubRoutines::call_stub

---------------  P R O C E S S  ---------------

Java Threads: ( => current thread )
  0x684bd400 JavaThread "Client write thread" daemon [_thread_blocked, id=3536, stack(0x5ea70000,0x5eac0000)]
  0x68301800 JavaThread "Client read thread" daemon [_thread_in_native, id=536, stack(0x5b5c0000,0x5b610000)]
  0x68225c00 JavaThread "File IO Thread" daemon [_thread_blocked, id=600, stack(0x5ea20000,0x5ea70000)]
  0x496a0400 JavaThread "Thread-10" daemon [_thread_blocked, id=2316, stack(0x5b660000,0x5b6b0000)]
  0x4975e400 JavaThread "Thread-9" daemon [_thread_blocked, id=2852, stack(0x5b610000,0x5b660000)]
  0x49695c00 JavaThread "Thread-8" daemon [_thread_in_native, id=2824, stack(0x5ace0000,0x5ad30000)]
=>0x494be000 JavaThread "Minecraft main thread" daemon [_thread_in_native, id=2220, stack(0x49dc0000,0x49e10000)]
  0x494bc800 JavaThread "Timer hack thread" daemon [_thread_blocked, id=3052, stack(0x49bd0000,0x49c20000)]
  0x003d8800 JavaThread "DestroyJavaVM" [_thread_blocked, id=2140, stack(0x00900000,0x00950000)]
  0x49399400 JavaThread "AWT-EventQueue-0" [_thread_blocked, id=2224, stack(0x49770000,0x497c0000)]
  0x48ec0000 JavaThread "AWT-Windows" daemon [_thread_in_native, id=1080, stack(0x49200000,0x49250000)]
  0x48ebe800 JavaThread "AWT-Shutdown" [_thread_blocked, id=3508, stack(0x491b0000,0x49200000)]
  0x48ebd000 JavaThread "Java2D Disposer" daemon [_thread_blocked, id=3148, stack(0x49160000,0x491b0000)]
  0x48e0d400 JavaThread "Service Thread" daemon [_thread_blocked, id=408, stack(0x490c0000,0x49110000)]
  0x48dff400 JavaThread "C1 CompilerThread0" daemon [_thread_blocked, id=2060, stack(0x49070000,0x490c0000)]
  0x48dfd800 JavaThread "Attach Listener" daemon [_thread_blocked, id=3048, stack(0x49020000,0x49070000)]
  0x48dfc400 JavaThread "Signal Dispatcher" daemon [_thread_blocked, id=732, stack(0x48fd0000,0x49020000)]
  0x02ae5400 JavaThread "Finalizer" daemon [_thread_blocked, id=3624, stack(0x48d60000,0x48db0000)]
  0x02ae0400 JavaThread "Reference Handler" daemon [_thread_blocked, id=3816, stack(0x48d10000,0x48d60000)]

Other Threads:
  0x02adac00 VMThread [stack: 0x48cc0000,0x48d10000] [id=2124]
  0x48e21000 WatcherThread [stack: 0x49110000,0x49160000] [id=2104]

VM state:not at safepoint (normal execution)

VM Mutex/Monitor currently owned by a thread: None

Heap
 def new generation   total 157376K, used 126069K [0x02b00000, 0x0d5c0000, 0x18050000)
  eden space 139904K,  77% used [0x02b00000, 0x0950d538, 0x0b3a0000)
  from space 17472K, 100% used [0x0b3a0000, 0x0c4b0000, 0x0c4b0000)
  to   space 17472K,   0% used [0x0c4b0000, 0x0c4b0000, 0x0d5c0000)
 tenured generation   total 349568K, used 111054K [0x18050000, 0x2d5b0000, 0x42b00000)
   the space 349568K,  31% used [0x18050000, 0x1ecc3870, 0x1ecc3a00, 0x2d5b0000)
 compacting perm gen  total 17152K, used 16945K [0x42b00000, 0x43bc0000, 0x46b00000)
   the space 17152K,  98% used [0x42b00000, 0x43b8c780, 0x43b8c800, 0x43bc0000)
No shared spaces configured.

Code Cache  [0x00980000, 0x01220000, 0x02980000)
 total_blobs=3837 nmethods=3479 adapters=292 free_code_cache=23939Kb largest_free_block=24512256

Compilation events (10 events):
Event: 1815.219 Thread 0x48dff400 3471             java.lang.ProcessEnvironment$NameComparator::compare (90 bytes)
Event: 1815.221 Thread 0x48dff400 nmethod 3471 0x0121e8c8 code [0x0121ea30, 0x0121ed28]
Event: 1819.608 Thread 0x48dff400 3472             afq::e (11 bytes)
Event: 1819.608 Thread 0x48dff400 nmethod 3472 0x0121f208 code [0x0121f300, 0x0121f380]
Event: 1866.309 Thread 0x48dff400 3473             rk::h (5 bytes)
Event: 1866.309 Thread 0x48dff400 nmethod 3473 0x0121f3c8 code [0x0121f4c0, 0x0121f540]
Event: 1866.994 Thread 0x48dff400 3474             pf::b (5 bytes)
Event: 1866.994 Thread 0x48dff400 nmethod 3474 0x0121f588 code [0x0121f680, 0x0121f700]
Event: 1872.198 Thread 0x48dff400 3475             alg::c (5 bytes)
Event: 1872.198 Thread 0x48dff400 nmethod 3475 0x0121f748 code [0x0121f840, 0x0121f8c0]

GC Heap History (10 events):
Event: 1679.945 GC heap before
{Heap before GC invocations=28 (full 7):
 def new generation   total 157376K, used 141158K [0x02b00000, 0x0d5c0000, 0x18050000)
  eden space 139904K,  94% used [0x02b00000, 0x0abfa1e0, 0x0b3a0000)
  from space 17472K,  52% used [0x0c4b0000, 0x0cd8f988, 0x0d5c0000)
  to   space 17472K,   0% used [0x0b3a0000, 0x0b3a0000, 0x0c4b0000)
 tenured generation   total 349568K, used 128152K [0x18050000, 0x2d5b0000, 0x42b00000)
   the space 349568K,  36% used [0x18050000, 0x1fd763b8, 0x1fd76400, 0x2d5b0000)
 compacting perm gen  total 17152K, used 16963K [0x42b00000, 0x43bc0000, 0x46b00000)
   the space 17152K,  98% used [0x42b00000, 0x43b90f48, 0x43b91000, 0x43bc0000)
No shared spaces configured.
Event: 1680.299 GC heap after
Heap after GC invocations=29 (full 8):
 def new generation   total 157376K, used 0K [0x02b00000, 0x0d5c0000, 0x18050000)
  eden space 139904K,   0% used [0x02b00000, 0x02b00000, 0x0b3a0000)
  from space 17472K,   0% used [0x0c4b0000, 0x0c4b0000, 0x0d5c0000)
  to   space 17472K,   0% used [0x0b3a0000, 0x0b3a0000, 0x0c4b0000)
 tenured generation   total 349568K, used 87444K [0x18050000, 0x2d5b0000, 0x42b00000)
   the space 349568K,  25% used [0x18050000, 0x1d5b52f0, 0x1d5b5400, 0x2d5b0000)
 compacting perm gen  total 17152K, used 16941K [0x42b00000, 0x43bc0000, 0x46b00000)
   the space 17152K,  98% used [0x42b00000, 0x43b8b6e0, 0x43b8b800, 0x43bc0000)
No shared spaces configured.
}
Event: 1680.456 GC heap before
{Heap before GC invocations=29 (full 8):
 def new generation   total 157376K, used 5517K [0x02b00000, 0x0d5c0000, 0x18050000)
  eden space 139904K,   3% used [0x02b00000, 0x030635a8, 0x0b3a0000)
  from space 17472K,   0% used [0x0c4b0000, 0x0c4b0000, 0x0d5c0000)
  to   space 17472K,   0% used [0x0b3a0000, 0x0b3a0000, 0x0c4b0000)
 tenured generation   total 349568K, used 87444K [0x18050000, 0x2d5b0000, 0x42b00000)
   the space 349568K,  25% used [0x18050000, 0x1d5b52f0, 0x1d5b5400, 0x2d5b0000)
 compacting perm gen  total 17152K, used 16941K [0x42b00000, 0x43bc0000, 0x46b00000)
   the space 17152K,  98% used [0x42b00000, 0x43b8b6e0, 0x43b8b800, 0x43bc0000)
No shared spaces configured.
Event: 1680.662 GC heap after
Heap after GC invocations=30 (full 9):
 def new generation   total 157376K, used 0K [0x02b00000, 0x0d5c0000, 0x18050000)
  eden space 139904K,   0% used [0x02b00000, 0x02b00000, 0x0b3a0000)
  from space 17472K,   0% used [0x0c4b0000, 0x0c4b0000, 0x0d5c0000)
  to   space 17472K,   0% used [0x0b3a0000, 0x0b3a0000, 0x0c4b0000)
 tenured generation   total 349568K, used 90545K [0x18050000, 0x2d5b0000, 0x42b00000)
   the space 349568K,  25% used [0x18050000, 0x1d8bc400, 0x1d8bc400, 0x2d5b0000)
 compacting perm gen  total 17152K, used 16941K [0x42b00000, 0x43bc0000, 0x46b00000)
   the space 17152K,  98% used [0x42b00000, 0x43b8b6e0, 0x43b8b800, 0x43bc0000)
No shared spaces configured.
}
Event: 1715.623 GC heap before
{Heap before GC invocations=30 (full 9):
 def new generation   total 157376K, used 72390K [0x02b00000, 0x0d5c0000, 0x18050000)
  eden space 139904K,  51% used [0x02b00000, 0x071b1a88, 0x0b3a0000)
  from space 17472K,   0% used [0x0c4b0000, 0x0c4b0000, 0x0d5c0000)
  to   space 17472K,   0% used [0x0b3a0000, 0x0b3a0000, 0x0c4b0000)
 tenured generation   total 349568K, used 90545K [0x18050000, 0x2d5b0000, 0x42b00000)
   the space 349568K,  25% used [0x18050000, 0x1d8bc400, 0x1d8bc400, 0x2d5b0000)
 compacting perm gen  total 17152K, used 16943K [0x42b00000, 0x43bc0000, 0x46b00000)
   the space 17152K,  98% used [0x42b00000, 0x43b8be10, 0x43b8c000, 0x43bc0000)
No shared spaces configured.
Event: 1715.857 GC heap after
Heap after GC invocations=31 (full 10):
 def new generation   total 157376K, used 0K [0x02b00000, 0x0d5c0000, 0x18050000)
  eden space 139904K,   0% used [0x02b00000, 0x02b00000, 0x0b3a0000)
  from space 17472K,   0% used [0x0c4b0000, 0x0c4b0000, 0x0d5c0000)
  to   space 17472K,   0% used [0x0b3a0000, 0x0b3a0000, 0x0c4b0000)
 tenured generation   total 349568K, used 101806K [0x18050000, 0x2d5b0000, 0x42b00000)
   the space 349568K,  29% used [0x18050000, 0x1e3bb920, 0x1e3bba00, 0x2d5b0000)
 compacting perm gen  total 17152K, used 16943K [0x42b00000, 0x43bc0000, 0x46b00000)
   the space 17152K,  98% used [0x42b00000, 0x43b8be10, 0x43b8c000, 0x43bc0000)
No shared spaces configured.
}
Event: 1716.011 GC heap before
{Heap before GC invocations=31 (full 10):
 def new generation   total 157376K, used 5551K [0x02b00000, 0x0d5c0000, 0x18050000)
  eden space 139904K,   3% used [0x02b00000, 0x0306be40, 0x0b3a0000)
  from space 17472K,   0% used [0x0c4b0000, 0x0c4b0000, 0x0d5c0000)
  to   space 17472K,   0% used [0x0b3a0000, 0x0b3a0000, 0x0c4b0000)
 tenured generation   total 349568K, used 101806K [0x18050000, 0x2d5b0000, 0x42b00000)
   the space 349568K,  29% used [0x18050000, 0x1e3bb920, 0x1e3bba00, 0x2d5b0000)
 compacting perm gen  total 17152K, used 16943K [0x42b00000, 0x43bc0000, 0x46b00000)
   the space 17152K,  98% used [0x42b00000, 0x43b8be10, 0x43b8c000, 0x43bc0000)
No shared spaces configured.
Event: 1716.212 GC heap after
Heap after GC invocations=32 (full 11):
 def new generation   total 157376K, used 0K [0x02b00000, 0x0d5c0000, 0x18050000)
  eden space 139904K,   0% used [0x02b00000, 0x02b00000, 0x0b3a0000)
  from space 17472K,   0% used [0x0c4b0000, 0x0c4b0000, 0x0d5c0000)
  to   space 17472K,   0% used [0x0b3a0000, 0x0b3a0000, 0x0c4b0000)
 tenured generation   total 349568K, used 102062K [0x18050000, 0x2d5b0000, 0x42b00000)
   the space 349568K,  29% used [0x18050000, 0x1e3fba50, 0x1e3fbc00, 0x2d5b0000)
 compacting perm gen  total 17152K, used 16943K [0x42b00000, 0x43bc0000, 0x46b00000)
   the space 17152K,  98% used [0x42b00000, 0x43b8be10, 0x43b8c000, 0x43bc0000)
No shared spaces configured.
}
Event: 1798.264 GC heap before
{Heap before GC invocations=32 (full 11):
 def new generation   total 157376K, used 139878K [0x02b00000, 0x0d5c0000, 0x18050000)
  eden space 139904K,  99% used [0x02b00000, 0x0b399ba0, 0x0b3a0000)
  from space 17472K,   0% used [0x0c4b0000, 0x0c4b0000, 0x0d5c0000)
  to   space 17472K,   0% used [0x0b3a0000, 0x0b3a0000, 0x0c4b0000)
 tenured generation   total 349568K, used 102062K [0x18050000, 0x2d5b0000, 0x42b00000)
   the space 349568K,  29% used [0x18050000, 0x1e3fba50, 0x1e3fbc00, 0x2d5b0000)
 compacting perm gen  total 17152K, used 16943K [0x42b00000, 0x43bc0000, 0x46b00000)
   the space 17152K,  98% used [0x42b00000, 0x43b8be10, 0x43b8c000, 0x43bc0000)
No shared spaces configured.
Event: 1798.312 GC heap after
Heap after GC invocations=33 (full 11):
 def new generation   total 157376K, used 17472K [0x02b00000, 0x0d5c0000, 0x18050000)
  eden space 139904K,   0% used [0x02b00000, 0x02b00000, 0x0b3a0000)
  from space 17472K, 100% used [0x0b3a0000, 0x0c4b0000, 0x0c4b0000)
  to   space 17472K,   0% used [0x0c4b0000, 0x0c4b0000, 0x0d5c0000)
 tenured generation   total 349568K, used 111054K [0x18050000, 0x2d5b0000, 0x42b00000)
   the space 349568K,  31% used [0x18050000, 0x1ecc3870, 0x1ecc3a00, 0x2d5b0000)
 compacting perm gen  total 17152K, used 16943K [0x42b00000, 0x43bc0000, 0x46b00000)
   the space 17152K,  98% used [0x42b00000, 0x43b8be10, 0x43b8c000, 0x43bc0000)
No shared spaces configured.
}

Deoptimization events (0 events):
No events

Internal exceptions (10 events):
Event: 1875.810 Thread 0x684bd400 Threw 0x0950af88 at C:\jdk7u5_32P\jdk7u5\hotspot\src\share\vm\prims\jvm.cpp:2888
Event: 1875.822 Thread 0x684bd400 Threw 0x0950b0e8 at C:\jdk7u5_32P\jdk7u5\hotspot\src\share\vm\prims\jvm.cpp:2888
Event: 1875.823 Thread 0x4975e400 Threw 0x08e4ea38 at C:\jdk7u5_32P\jdk7u5\hotspot\src\share\vm\prims\jvm.cpp:2888
Event: 1875.923 Thread 0x684bd400 Threw 0x0950b248 at C:\jdk7u5_32P\jdk7u5\hotspot\src\share\vm\prims\jvm.cpp:2846
Event: 1875.934 Thread 0x684bd400 Threw 0x0950b3a8 at C:\jdk7u5_32P\jdk7u5\hotspot\src\share\vm\prims\jvm.cpp:2888
Event: 1875.935 Thread 0x4975e400 Threw 0x08e4ebd8 at C:\jdk7u5_32P\jdk7u5\hotspot\src\share\vm\prims\jvm.cpp:2888
Event: 1876.039 Thread 0x684bd400 Threw 0x0950b508 at C:\jdk7u5_32P\jdk7u5\hotspot\src\share\vm\prims\jvm.cpp:2888
Event: 1876.050 Thread 0x684bd400 Threw 0x0950b668 at C:\jdk7u5_32P\jdk7u5\hotspot\src\share\vm\prims\jvm.cpp:2888
Event: 1876.050 Thread 0x684bd400 Threw 0x0950b7c8 at C:\jdk7u5_32P\jdk7u5\hotspot\src\share\vm\prims\jvm.cpp:2888
Event: 1876.051 Thread 0x4975e400 Threw 0x08e4ed78 at C:\jdk7u5_32P\jdk7u5\hotspot\src\share\vm\prims\jvm.cpp:2888

Events (10 events):
Event: 1864.542 loading class 0x495e9c20
Event: 1864.543 loading class 0x495e9c20 done
Event: 1867.785 Thread 0x68359800 Thread added: 0x68359800
Event: 1867.792 Executing VM operation: RevokeBias
Event: 1867.793 Executing VM operation: RevokeBias done
Event: 1867.793 Thread 0x68359800 Thread exited: 0x68359800
Event: 1872.712 Thread 0x68359800 Thread added: 0x68359800
Event: 1872.719 Executing VM operation: RevokeBias
Event: 1872.720 Executing VM operation: RevokeBias done
Event: 1872.720 Thread 0x68359800 Thread exited: 0x68359800


Dynamic libraries:
0x00400000 - 0x0042f000 	C:\WINDOWS\system32\javaw.exe
0x7c900000 - 0x7c9af000 	C:\WINDOWS\system32\ntdll.dll
0x7c800000 - 0x7c8f6000 	C:\WINDOWS\system32\kernel32.dll
0x77dd0000 - 0x77e6b000 	C:\WINDOWS\system32\ADVAPI32.dll
0x77e70000 - 0x77f02000 	C:\WINDOWS\system32\RPCRT4.dll
0x77fe0000 - 0x77ff1000 	C:\WINDOWS\system32\Secur32.dll
0x7e410000 - 0x7e4a1000 	C:\WINDOWS\system32\USER32.dll
0x77f10000 - 0x77f59000 	C:\WINDOWS\system32\GDI32.dll
0x773d0000 - 0x774d3000 	C:\WINDOWS\WinSxS\x86_Microsoft.Windows.Common-Controls_6595b64144ccf1df_6.0.2600.5512_x-ww_35d4ce83\COMCTL32.dll
0x77c10000 - 0x77c68000 	C:\WINDOWS\system32\msvcrt.dll
0x77f60000 - 0x77fd6000 	C:\WINDOWS\system32\SHLWAPI.dll
0x76390000 - 0x763ad000 	C:\WINDOWS\system32\IMM32.DLL
0x629c0000 - 0x629c9000 	C:\WINDOWS\system32\LPK.DLL
0x74d90000 - 0x74dfb000 	C:\WINDOWS\system32\USP10.dll
0x78aa0000 - 0x78b5e000 	C:\Program Files\Java\jre7\bin\msvcr100.dll
0x6d880000 - 0x6dbca000 	C:\Program Files\Java\jre7\bin\client\jvm.dll
0x71ad0000 - 0x71ad9000 	C:\WINDOWS\system32\WSOCK32.dll
0x71ab0000 - 0x71ac7000 	C:\WINDOWS\system32\WS2_32.dll
0x71aa0000 - 0x71aa8000 	C:\WINDOWS\system32\WS2HELP.dll
0x76b40000 - 0x76b6d000 	C:\WINDOWS\system32\WINMM.dll
0x76bf0000 - 0x76bfb000 	C:\WINDOWS\system32\PSAPI.DLL
0x6d810000 - 0x6d81c000 	C:\Program Files\Java\jre7\bin\verify.dll
0x6d2f0000 - 0x6d310000 	C:\Program Files\Java\jre7\bin\java.dll
0x6d860000 - 0x6d873000 	C:\Program Files\Java\jre7\bin\zip.dll
0x6d000000 - 0x6d142000 	C:\Program Files\Java\jre7\bin\awt.dll
0x77120000 - 0x771ab000 	C:\WINDOWS\system32\OLEAUT32.dll
0x774e0000 - 0x7761d000 	C:\WINDOWS\system32\ole32.dll
0x5ad70000 - 0x5ada8000 	C:\WINDOWS\system32\uxtheme.dll
0x74720000 - 0x7476c000 	C:\WINDOWS\system32\MSCTF.dll
0x755c0000 - 0x755ee000 	C:\WINDOWS\system32\msctfime.ime
0x68000000 - 0x68036000 	C:\WINDOWS\system32\rsaenh.dll
0x769c0000 - 0x76a74000 	C:\WINDOWS\system32\USERENV.dll
0x5b860000 - 0x5b8b5000 	C:\WINDOWS\system32\netapi32.dll
0x6d610000 - 0x6d624000 	C:\Program Files\Java\jre7\bin\net.dll
0x71a50000 - 0x71a8f000 	C:\WINDOWS\System32\mswsock.dll
0x76f20000 - 0x76f47000 	C:\WINDOWS\system32\DNSAPI.dll
0x76fb0000 - 0x76fb8000 	C:\WINDOWS\System32\winrnr.dll
0x76f60000 - 0x76f8c000 	C:\WINDOWS\system32\WLDAP32.dll
0x64000000 - 0x64021000 	C:\Program Files\Bonjour\mdnsNSP.dll
0x76d60000 - 0x76d79000 	C:\WINDOWS\system32\Iphlpapi.dll
0x76fc0000 - 0x76fc6000 	C:\WINDOWS\system32\rasadhlp.dll
0x6d630000 - 0x6d63f000 	C:\Program Files\Java\jre7\bin\nio.dll
0x6d780000 - 0x6d7a0000 	C:\Program Files\Java\jre7\bin\sunec.dll
0x6d240000 - 0x6d26a000 	C:\Program Files\Java\jre7\bin\fontmanager.dll
0x6d7b0000 - 0x6d7e1000 	C:\Program Files\Java\jre7\bin\t2k.dll
0x49e10000 - 0x49e83000 	C:\Documents and Settings\Administrator\Application Data\.minecraft\bin\natives\lwjgl.dll
0x5ed00000 - 0x5edcc000 	C:\WINDOWS\system32\OPENGL32.dll
0x68b20000 - 0x68b40000 	C:\WINDOWS\system32\GLU32.dll
0x73760000 - 0x737ab000 	C:\WINDOWS\system32\DDRAW.dll
0x73bc0000 - 0x73bc6000 	C:\WINDOWS\system32\DCIMAN32.dll
0x77c00000 - 0x77c08000 	C:\WINDOWS\system32\VERSION.dll
0x6d320000 - 0x6d326000 	C:\Program Files\Java\jre7\bin\jawt.dll
0x51e90000 - 0x5236b000 	C:\WINDOWS\system32\ig4icd32.dll
0x52400000 - 0x52718000 	C:\WINDOWS\system32\ig4dev32.dll
0x662b0000 - 0x66308000 	C:\WINDOWS\system32\hnetcfg.dll
0x71a90000 - 0x71a98000 	C:\WINDOWS\System32\wshtcpip.dll
0x5ab20000 - 0x5ab36000 	C:\Documents and Settings\Administrator\Application Data\.minecraft\bin\natives\jinput-dx8.dll
0x6ce10000 - 0x6ce48000 	C:\WINDOWS\system32\DINPUT8.dll
0x688f0000 - 0x688f9000 	C:\WINDOWS\system32\HID.DLL
0x77920000 - 0x77a13000 	C:\WINDOWS\system32\SETUPAPI.DLL
0x76c30000 - 0x76c5e000 	C:\WINDOWS\system32\WINTRUST.dll
0x77a80000 - 0x77b15000 	C:\WINDOWS\system32\CRYPT32.dll
0x77b20000 - 0x77b32000 	C:\WINDOWS\system32\MSASN1.dll
0x76c90000 - 0x76cb8000 	C:\WINDOWS\system32\IMAGEHLP.dll
0x5acb0000 - 0x5acc5000 	C:\Documents and Settings\Administrator\Application Data\.minecraft\bin\natives\jinput-raw.dll
0x5b6b0000 - 0x5b711000 	C:\Documents and Settings\Administrator\Application Data\.minecraft\bin\natives\OpenAL32.dll
0x7c9c0000 - 0x7d1d7000 	C:\WINDOWS\system32\SHELL32.dll
0x76fd0000 - 0x7704f000 	C:\WINDOWS\system32\CLBCATQ.DLL
0x77050000 - 0x77115000 	C:\WINDOWS\system32\COMRes.dll
0x73f10000 - 0x73f6c000 	C:\WINDOWS\system32\dsound.dll
0x72d20000 - 0x72d29000 	C:\WINDOWS\system32\wdmaud.drv
0x72d10000 - 0x72d18000 	C:\WINDOWS\system32\msacm32.drv
0x77be0000 - 0x77bf5000 	C:\WINDOWS\system32\MSACM32.dll
0x77bd0000 - 0x77bd7000 	C:\WINDOWS\system32\midimap.dll
0x73ee0000 - 0x73ee4000 	C:\WINDOWS\system32\KsUser.dll
0x6d7a0000 - 0x6d7a9000 	C:\Program Files\Java\jre7\bin\sunmscapi.dll

VM Arguments:
jvm_args: -Xms512m -Xmx1024m -Dsun.java2d.noddraw=true -Dsun.java2d.d3d=false -Dsun.java2d.opengl=false -Dsun.java2d.pmoffscreen=false 
java_command: net.minecraft.LauncherFrame
Launcher Type: SUN_STANDARD

Environment Variables:
PATH=C:\WINDOWS\system32;C:\WINDOWS;C:\WINDOWS\System32\Wbem;c:\program files\java\jre7\bin
USERNAME=Administrator
OS=Windows_NT
PROCESSOR_IDENTIFIER=x86 Family 6 Model 15 Stepping 13, GenuineIntel



---------------  S Y S T E M  ---------------

OS: Windows XP Build 2600 Service Pack 3

CPU:total 2 (2 cores per cpu, 1 threads per core) family 6 model 15 stepping 13, cmov, cx8, fxsr, mmx, sse, sse2, sse3, ssse3, tsc

Memory: 4k page, physical 1958704k(307964k free), swap 3897892k(2090504k free)

vm_info: Java HotSpot(TM) Client VM (23.1-b03) for windows-x86 JRE (1.7.0_05-b05), built on May 15 2012 18:11:27 by "java_re" with unknown MS VC++:1600

time: Sun Jul 01 11:34:36 2012
elapsed time: 1876 seconds

