#
# A fatal error has been detected by the Java Runtime Environment:
#
#  EXCEPTION_ACCESS_VIOLATION (0xc0000005) at pc=0x51ecdb6e, pid=2964, tid=3372
#
# JRE version: 7.0_05-b05
# Java VM: Java HotSpot(TM) Client VM (23.1-b03 mixed mode windows-x86 )
# Problematic frame:
# C  [ig4icd32.dll+0x1db6e]
#
# Failed to write core dump. Minidumps are not enabled by default on client versions of Windows
#
# If you would like to submit a bug report, please visit:
#   http://bugreport.sun.com/bugreport/crash.jsp
# The crash happened outside the Java Virtual Machine in native code.
# See problematic frame for where to report the bug.
#

---------------  T H R E A D  ---------------

Current thread (0x494bfc00):  JavaThread "Minecraft main thread" daemon [_thread_in_native, id=3372, stack(0x49de0000,0x49e30000)]

siginfo: ExceptionCode=0xc0000005, reading address 0x00000008

Registers:
EAX=0x0000000c, EBX=0x00000004, ECX=0x00000003, EDX=0x00000000
ESP=0x49e2f208, EBP=0x0000000c, ESI=0x00000008, EDI=0x7f02967c
EIP=0x51ecdb6e, EFLAGS=0x00010206

Top of Stack: (sp=0x49e2f208)
0x49e2f208:   494bfc00 001235f0 49e2f3c0 00000000
0x49e2f218:   000084c0 00000000 00000000 7f9860fc
0x49e2f228:   00000000 51ed39e0 768c2330 00000100
0x49e2f238:   00000000 001235f0 00000001 000004c0
0x49e2f248:   0000036c 768c2238 001246d0 7f02967c
0x49e2f258:   7f02967c 00000000 00000000 00000000
0x49e2f268:   00000000 00000000 00000000 00000000
0x49e2f278:   00000000 00000000 00000000 00000000 

Instructions: (pc=0x51ecdb6e)
0x51ecdb4e:   94 50 c1 e0 04 8b a8 48 d5 2f 52 8b 80 44 d5 2f
0x51ecdb5e:   52 8b cd 8d 74 18 04 8b c1 c1 e9 02 89 7c 24 4c
0x51ecdb6e:   f3 a5 8b c8 83 e1 03 f3 a4 8b 4c 24 4c 03 cd 85
0x51ecdb7e:   d2 8b 6c 24 34 89 4c 94 50 75 93 8b 44 24 40 8b 


Register to memory mapping:

EAX=0x0000000c is an unknown value
EBX=0x00000004 is an unknown value
ECX=0x00000003 is an unknown value
EDX=0x00000000 is an unknown value
ESP=0x49e2f208 is pointing into the stack for thread: 0x494bfc00
EBP=0x0000000c is an unknown value
ESI=0x00000008 is an unknown value
EDI=0x7f02967c is an unknown value


Stack: [0x49de0000,0x49e30000],  sp=0x49e2f208,  free space=316k
Native frames: (J=compiled Java code, j=interpreted, Vv=VM code, C=native code)
C  [ig4icd32.dll+0x1db6e]

[error occurred during error reporting (printing native stack), id 0xc0000005]

Java frames: (J=compiled Java code, j=interpreted, Vv=VM code)
J  org.lwjgl.opengl.GL11.nglPopMatrix(J)V
J  ct.a()V
J  l.a(Lacq;Z)Z
J  lr.a(FJ)V
J  lr.b(F)V
J  EntityRendererProxy.b(F)V
J  net.minecraft.client.Minecraft.x()V
j  net.minecraft.client.Minecraft.run()V+41
j  java.lang.Thread.run()V+11
v  ~StubRoutines::call_stub

---------------  P R O C E S S  ---------------

Java Threads: ( => current thread )
  0x682bd400 JavaThread "Client write thread" daemon [_thread_blocked, id=2228, stack(0x49a40000,0x49a90000)]
  0x6856a400 JavaThread "Client read thread" daemon [_thread_in_native, id=2200, stack(0x499f0000,0x49a40000)]
  0x682c5400 JavaThread "File IO Thread" daemon [_thread_blocked, id=3504, stack(0x49ac0000,0x49b10000)]
  0x495e2400 JavaThread "Thread-10" daemon [_thread_blocked, id=3104, stack(0x5b660000,0x5b6b0000)]
  0x49757c00 JavaThread "Thread-9" daemon [_thread_blocked, id=2276, stack(0x5b610000,0x5b660000)]
  0x48f46800 JavaThread "Thread-8" daemon [_thread_in_native, id=152, stack(0x5ace0000,0x5ad30000)]
=>0x494bfc00 JavaThread "Minecraft main thread" daemon [_thread_in_native, id=3372, stack(0x49de0000,0x49e30000)]
  0x494bf000 JavaThread "Timer hack thread" daemon [_thread_blocked, id=3360, stack(0x49bf0000,0x49c40000)]
  0x003d8800 JavaThread "DestroyJavaVM" [_thread_blocked, id=2984, stack(0x00900000,0x00950000)]
  0x4939a400 JavaThread "AWT-EventQueue-0" [_thread_blocked, id=3108, stack(0x49770000,0x497c0000)]
  0x48eb8000 JavaThread "AWT-Windows" daemon [_thread_in_native, id=3032, stack(0x49200000,0x49250000)]
  0x48eb6800 JavaThread "AWT-Shutdown" [_thread_blocked, id=4088, stack(0x491b0000,0x49200000)]
  0x48eb5000 JavaThread "Java2D Disposer" daemon [_thread_blocked, id=3024, stack(0x49160000,0x491b0000)]
  0x48e0a000 JavaThread "Service Thread" daemon [_thread_blocked, id=2960, stack(0x490c0000,0x49110000)]
  0x48dff400 JavaThread "C1 CompilerThread0" daemon [_thread_blocked, id=2948, stack(0x49070000,0x490c0000)]
  0x48dfd800 JavaThread "Attach Listener" daemon [_thread_blocked, id=2944, stack(0x49020000,0x49070000)]
  0x48dfc400 JavaThread "Signal Dispatcher" daemon [_thread_blocked, id=1900, stack(0x48fd0000,0x49020000)]
  0x02ae5400 JavaThread "Finalizer" daemon [_thread_blocked, id=2996, stack(0x48d60000,0x48db0000)]
  0x02ae0400 JavaThread "Reference Handler" daemon [_thread_blocked, id=2992, stack(0x48d10000,0x48d60000)]

Other Threads:
  0x02adac00 VMThread [stack: 0x48cc0000,0x48d10000] [id=2988]
  0x48e21000 WatcherThread [stack: 0x49110000,0x49160000] [id=1108]

VM state:not at safepoint (normal execution)

VM Mutex/Monitor currently owned by a thread: None

Heap
 def new generation   total 157376K, used 9691K [0x02b00000, 0x0d5c0000, 0x18050000)
  eden space 139904K,   3% used [0x02b00000, 0x02fba888, 0x0b3a0000)
  from space 17472K,  27% used [0x0c4b0000, 0x0c96c5f0, 0x0d5c0000)
  to   space 17472K,   0% used [0x0b3a0000, 0x0b3a0000, 0x0c4b0000)
 tenured generation   total 349568K, used 128628K [0x18050000, 0x2d5b0000, 0x42b00000)
   the space 349568K,  36% used [0x18050000, 0x1fded320, 0x1fded400, 0x2d5b0000)
 compacting perm gen  total 16640K, used 16569K [0x42b00000, 0x43b40000, 0x46b00000)
   the space 16640K,  99% used [0x42b00000, 0x43b2e420, 0x43b2e600, 0x43b40000)
No shared spaces configured.

Code Cache  [0x00980000, 0x010f0000, 0x02980000)
 total_blobs=3352 nmethods=2995 adapters=291 free_code_cache=25175Kb largest_free_block=25777984

Compilation events (10 events):
Event: 506.381 Thread 0x48dff400 2991             abc::a (2 bytes)
Event: 506.381 Thread 0x48dff400 nmethod 2991 0x010e9888 code [0x010e9980, 0x010e9a00]
Event: 508.923 Thread 0x48dff400 2992             xd::u (31 bytes)
Event: 508.924 Thread 0x48dff400 nmethod 2992 0x010e9a48 code [0x010e9b60, 0x010e9c68]
Event: 509.811 Thread 0x48dff400 2993             qx::a (2 bytes)
Event: 509.811 Thread 0x48dff400 nmethod 2993 0x010e9d48 code [0x010e9e40, 0x010e9ec0]
Event: 510.699 Thread 0x48dff400 2994             agv::c (53 bytes)
Event: 510.699 Thread 0x48dff400 nmethod 2994 0x010e9f08 code [0x010ea030, 0x010ea184]
Event: 511.716 Thread 0x48dff400 2995             aar::a (22 bytes)
Event: 511.717 Thread 0x48dff400 nmethod 2995 0x010ea288 code [0x010ea3c0, 0x010ea5b0]

GC Heap History (10 events):
Event: 244.349 GC heap before
{Heap before GC invocations=9 (full 7):
 def new generation   total 157376K, used 157376K [0x02b00000, 0x0d5c0000, 0x18050000)
  eden space 139904K, 100% used [0x02b00000, 0x0b3a0000, 0x0b3a0000)
  from space 17472K, 100% used [0x0b3a0000, 0x0c4b0000, 0x0c4b0000)
  to   space 17472K,   0% used [0x0c4b0000, 0x0c4b0000, 0x0d5c0000)
 tenured generation   total 349568K, used 75440K [0x18050000, 0x2d5b0000, 0x42b00000)
   the space 349568K,  21% used [0x18050000, 0x1c9fc028, 0x1c9fc200, 0x2d5b0000)
 compacting perm gen  total 16640K, used 16482K [0x42b00000, 0x43b40000, 0x46b00000)
   the space 16640K,  99% used [0x42b00000, 0x43b18b58, 0x43b18c00, 0x43b40000)
No shared spaces configured.
Event: 244.391 GC heap after
Heap after GC invocations=10 (full 7):
 def new generation   total 157376K, used 9954K [0x02b00000, 0x0d5c0000, 0x18050000)
  eden space 139904K,   0% used [0x02b00000, 0x02b00000, 0x0b3a0000)
  from space 17472K,  56% used [0x0c4b0000, 0x0ce68ac0, 0x0d5c0000)
  to   space 17472K,   0% used [0x0b3a0000, 0x0b3a0000, 0x0c4b0000)
 tenured generation   total 349568K, used 92657K [0x18050000, 0x2d5b0000, 0x42b00000)
   the space 349568K,  26% used [0x18050000, 0x1dacc6e0, 0x1dacc800, 0x2d5b0000)
 compacting perm gen  total 16640K, used 16482K [0x42b00000, 0x43b40000, 0x46b00000)
   the space 16640K,  99% used [0x42b00000, 0x43b18b58, 0x43b18c00, 0x43b40000)
No shared spaces configured.
}
Event: 318.230 GC heap before
{Heap before GC invocations=10 (full 7):
 def new generation   total 157376K, used 149858K [0x02b00000, 0x0d5c0000, 0x18050000)
  eden space 139904K, 100% used [0x02b00000, 0x0b3a0000, 0x0b3a0000)
  from space 17472K,  56% used [0x0c4b0000, 0x0ce68ac0, 0x0d5c0000)
  to   space 17472K,   0% used [0x0b3a0000, 0x0b3a0000, 0x0c4b0000)
 tenured generation   total 349568K, used 92657K [0x18050000, 0x2d5b0000, 0x42b00000)
   the space 349568K,  26% used [0x18050000, 0x1dacc6e0, 0x1dacc800, 0x2d5b0000)
 compacting perm gen  total 16640K, used 16498K [0x42b00000, 0x43b40000, 0x46b00000)
   the space 16640K,  99% used [0x42b00000, 0x43b1c940, 0x43b1ca00, 0x43b40000)
No shared spaces configured.
Event: 318.262 GC heap after
Heap after GC invocations=11 (full 7):
 def new generation   total 157376K, used 12375K [0x02b00000, 0x0d5c0000, 0x18050000)
  eden space 139904K,   0% used [0x02b00000, 0x02b00000, 0x0b3a0000)
  from space 17472K,  70% used [0x0b3a0000, 0x0bfb5cc8, 0x0c4b0000)
  to   space 17472K,   0% used [0x0c4b0000, 0x0c4b0000, 0x0d5c0000)
 tenured generation   total 349568K, used 99341K [0x18050000, 0x2d5b0000, 0x42b00000)
   the space 349568K,  28% used [0x18050000, 0x1e1534d8, 0x1e153600, 0x2d5b0000)
 compacting perm gen  total 16640K, used 16498K [0x42b00000, 0x43b40000, 0x46b00000)
   the space 16640K,  99% used [0x42b00000, 0x43b1c940, 0x43b1ca00, 0x43b40000)
No shared spaces configured.
}
Event: 371.068 GC heap before
{Heap before GC invocations=11 (full 7):
 def new generation   total 157376K, used 152279K [0x02b00000, 0x0d5c0000, 0x18050000)
  eden space 139904K, 100% used [0x02b00000, 0x0b3a0000, 0x0b3a0000)
  from space 17472K,  70% used [0x0b3a0000, 0x0bfb5cc8, 0x0c4b0000)
  to   space 17472K,   0% used [0x0c4b0000, 0x0c4b0000, 0x0d5c0000)
 tenured generation   total 349568K, used 99341K [0x18050000, 0x2d5b0000, 0x42b00000)
   the space 349568K,  28% used [0x18050000, 0x1e1534d8, 0x1e153600, 0x2d5b0000)
 compacting perm gen  total 16640K, used 16506K [0x42b00000, 0x43b40000, 0x46b00000)
   the space 16640K,  99% used [0x42b00000, 0x43b1e8f8, 0x43b1ea00, 0x43b40000)
No shared spaces configured.
Event: 371.096 GC heap after
Heap after GC invocations=12 (full 7):
 def new generation   total 157376K, used 8342K [0x02b00000, 0x0d5c0000, 0x18050000)
  eden space 139904K,   0% used [0x02b00000, 0x02b00000, 0x0b3a0000)
  from space 17472K,  47% used [0x0c4b0000, 0x0ccd5ba8, 0x0d5c0000)
  to   space 17472K,   0% used [0x0b3a0000, 0x0b3a0000, 0x0c4b0000)
 tenured generation   total 349568K, used 109320K [0x18050000, 0x2d5b0000, 0x42b00000)
   the space 349568K,  31% used [0x18050000, 0x1eb121c8, 0x1eb12200, 0x2d5b0000)
 compacting perm gen  total 16640K, used 16506K [0x42b00000, 0x43b40000, 0x46b00000)
   the space 16640K,  99% used [0x42b00000, 0x43b1e8f8, 0x43b1ea00, 0x43b40000)
No shared spaces configured.
}
Event: 442.413 GC heap before
{Heap before GC invocations=12 (full 7):
 def new generation   total 157376K, used 148246K [0x02b00000, 0x0d5c0000, 0x18050000)
  eden space 139904K, 100% used [0x02b00000, 0x0b3a0000, 0x0b3a0000)
  from space 17472K,  47% used [0x0c4b0000, 0x0ccd5ba8, 0x0d5c0000)
  to   space 17472K,   0% used [0x0b3a0000, 0x0b3a0000, 0x0c4b0000)
 tenured generation   total 349568K, used 109320K [0x18050000, 0x2d5b0000, 0x42b00000)
   the space 349568K,  31% used [0x18050000, 0x1eb121c8, 0x1eb12200, 0x2d5b0000)
 compacting perm gen  total 16640K, used 16512K [0x42b00000, 0x43b40000, 0x46b00000)
   the space 16640K,  99% used [0x42b00000, 0x43b200d0, 0x43b20200, 0x43b40000)
No shared spaces configured.
Event: 442.443 GC heap after
Heap after GC invocations=13 (full 7):
 def new generation   total 157376K, used 17472K [0x02b00000, 0x0d5c0000, 0x18050000)
  eden space 139904K,   0% used [0x02b00000, 0x02b00000, 0x0b3a0000)
  from space 17472K, 100% used [0x0b3a0000, 0x0c4b0000, 0x0c4b0000)
  to   space 17472K,   0% used [0x0c4b0000, 0x0c4b0000, 0x0d5c0000)
 tenured generation   total 349568K, used 113228K [0x18050000, 0x2d5b0000, 0x42b00000)
   the space 349568K,  32% used [0x18050000, 0x1eee30e0, 0x1eee3200, 0x2d5b0000)
 compacting perm gen  total 16640K, used 16512K [0x42b00000, 0x43b40000, 0x46b00000)
   the space 16640K,  99% used [0x42b00000, 0x43b200d0, 0x43b20200, 0x43b40000)
No shared spaces configured.
}
Event: 510.562 GC heap before
{Heap before GC invocations=13 (full 7):
 def new generation   total 157376K, used 157353K [0x02b00000, 0x0d5c0000, 0x18050000)
  eden space 139904K,  99% used [0x02b00000, 0x0b39a410, 0x0b3a0000)
  from space 17472K, 100% used [0x0b3a0000, 0x0c4b0000, 0x0c4b0000)
  to   space 17472K,   0% used [0x0c4b0000, 0x0c4b0000, 0x0d5c0000)
 tenured generation   total 349568K, used 113228K [0x18050000, 0x2d5b0000, 0x42b00000)
   the space 349568K,  32% used [0x18050000, 0x1eee30e0, 0x1eee3200, 0x2d5b0000)
 compacting perm gen  total 16640K, used 16569K [0x42b00000, 0x43b40000, 0x46b00000)
   the space 16640K,  99% used [0x42b00000, 0x43b2e420, 0x43b2e600, 0x43b40000)
No shared spaces configured.
Event: 510.595 GC heap after
Heap after GC invocations=14 (full 7):
 def new generation   total 157376K, used 4849K [0x02b00000, 0x0d5c0000, 0x18050000)
  eden space 139904K,   0% used [0x02b00000, 0x02b00000, 0x0b3a0000)
  from space 17472K,  27% used [0x0c4b0000, 0x0c96c5f0, 0x0d5c0000)
  to   space 17472K,   0% used [0x0b3a0000, 0x0b3a0000, 0x0c4b0000)
 tenured generation   total 349568K, used 128628K [0x18050000, 0x2d5b0000, 0x42b00000)
   the space 349568K,  36% used [0x18050000, 0x1fded320, 0x1fded400, 0x2d5b0000)
 compacting perm gen  total 16640K, used 16569K [0x42b00000, 0x43b40000, 0x46b00000)
   the space 16640K,  99% used [0x42b00000, 0x43b2e420, 0x43b2e600, 0x43b40000)
No shared spaces configured.
}

Deoptimization events (0 events):
No events

Internal exceptions (10 events):
Event: 511.846 Thread 0x494bfc00 Threw 0x02ccd5b0 at C:\jdk7u5_32P\jdk7u5\hotspot\src\share\vm\prims\jni.cpp:715
Event: 511.846 Thread 0x494bfc00 Threw 0x02ccd748 at C:\jdk7u5_32P\jdk7u5\hotspot\src\share\vm\prims\jni.cpp:715
Event: 511.853 Thread 0x682bd400 Threw 0x02ce09d8 at C:\jdk7u5_32P\jdk7u5\hotspot\src\share\vm\prims\jvm.cpp:2888
Event: 511.854 Thread 0x49757c00 Threw 0x02cf4430 at C:\jdk7u5_32P\jdk7u5\hotspot\src\share\vm\prims\jvm.cpp:2888
Event: 511.891 Thread 0x682bd400 Threw 0x02ce0b38 at C:\jdk7u5_32P\jdk7u5\hotspot\src\share\vm\prims\jvm.cpp:2888
Event: 511.892 Thread 0x49757c00 Threw 0x02cf45d0 at C:\jdk7u5_32P\jdk7u5\hotspot\src\share\vm\prims\jvm.cpp:2888
Event: 511.910 Thread 0x49757c00 Threw 0x02cf4770 at C:\jdk7u5_32P\jdk7u5\hotspot\src\share\vm\prims\jvm.cpp:2888
Event: 511.928 Thread 0x49757c00 Threw 0x02cf4910 at C:\jdk7u5_32P\jdk7u5\hotspot\src\share\vm\prims\jvm.cpp:2888
Event: 511.962 Thread 0x682bd400 Threw 0x02ce0c98 at C:\jdk7u5_32P\jdk7u5\hotspot\src\share\vm\prims\jvm.cpp:2888
Event: 511.963 Thread 0x49757c00 Threw 0x02cf4ab0 at C:\jdk7u5_32P\jdk7u5\hotspot\src\share\vm\prims\jvm.cpp:2888

Events (10 events):
Event: 510.599 Executing VM operation: RevokeBias
Event: 510.599 Executing VM operation: RevokeBias done
Event: 510.599 Executing VM operation: RevokeBias
Event: 510.599 Executing VM operation: RevokeBias done
Event: 510.599 Executing VM operation: BulkRevokeBias
Event: 510.600 Executing VM operation: BulkRevokeBias done
Event: 511.046 Thread 0x68288c00 Thread added: 0x68288c00
Event: 511.052 Executing VM operation: RevokeBias
Event: 511.052 Executing VM operation: RevokeBias done
Event: 511.052 Thread 0x68288c00 Thread exited: 0x68288c00


Dynamic libraries:
0x00400000 - 0x0042f000 	C:\WINDOWS\system32\javaw.exe
0x7c900000 - 0x7c9af000 	C:\WINDOWS\system32\ntdll.dll
0x7c800000 - 0x7c8f6000 	C:\WINDOWS\system32\kernel32.dll
0x77dd0000 - 0x77e6b000 	C:\WINDOWS\system32\ADVAPI32.dll
0x77e70000 - 0x77f02000 	C:\WINDOWS\system32\RPCRT4.dll
0x77fe0000 - 0x77ff1000 	C:\WINDOWS\system32\Secur32.dll
0x7e410000 - 0x7e4a1000 	C:\WINDOWS\system32\USER32.dll
0x77f10000 - 0x77f59000 	C:\WINDOWS\system32\GDI32.dll
0x773d0000 - 0x774d3000 	C:\WINDOWS\WinSxS\x86_Microsoft.Windows.Common-Controls_6595b64144ccf1df_6.0.2600.5512_x-ww_35d4ce83\COMCTL32.dll
0x77c10000 - 0x77c68000 	C:\WINDOWS\system32\msvcrt.dll
0x77f60000 - 0x77fd6000 	C:\WINDOWS\system32\SHLWAPI.dll
0x76390000 - 0x763ad000 	C:\WINDOWS\system32\IMM32.DLL
0x629c0000 - 0x629c9000 	C:\WINDOWS\system32\LPK.DLL
0x74d90000 - 0x74dfb000 	C:\WINDOWS\system32\USP10.dll
0x78aa0000 - 0x78b5e000 	C:\Program Files\Java\jre7\bin\msvcr100.dll
0x6d880000 - 0x6dbca000 	C:\Program Files\Java\jre7\bin\client\jvm.dll
0x71ad0000 - 0x71ad9000 	C:\WINDOWS\system32\WSOCK32.dll
0x71ab0000 - 0x71ac7000 	C:\WINDOWS\system32\WS2_32.dll
0x71aa0000 - 0x71aa8000 	C:\WINDOWS\system32\WS2HELP.dll
0x76b40000 - 0x76b6d000 	C:\WINDOWS\system32\WINMM.dll
0x76bf0000 - 0x76bfb000 	C:\WINDOWS\system32\PSAPI.DLL
0x6d810000 - 0x6d81c000 	C:\Program Files\Java\jre7\bin\verify.dll
0x6d2f0000 - 0x6d310000 	C:\Program Files\Java\jre7\bin\java.dll
0x6d860000 - 0x6d873000 	C:\Program Files\Java\jre7\bin\zip.dll
0x6d000000 - 0x6d142000 	C:\Program Files\Java\jre7\bin\awt.dll
0x77120000 - 0x771ab000 	C:\WINDOWS\system32\OLEAUT32.dll
0x774e0000 - 0x7761d000 	C:\WINDOWS\system32\ole32.dll
0x5ad70000 - 0x5ada8000 	C:\WINDOWS\system32\uxtheme.dll
0x74720000 - 0x7476c000 	C:\WINDOWS\system32\MSCTF.dll
0x755c0000 - 0x755ee000 	C:\WINDOWS\system32\msctfime.ime
0x68000000 - 0x68036000 	C:\WINDOWS\system32\rsaenh.dll
0x769c0000 - 0x76a74000 	C:\WINDOWS\system32\USERENV.dll
0x5b860000 - 0x5b8b5000 	C:\WINDOWS\system32\netapi32.dll
0x6d610000 - 0x6d624000 	C:\Program Files\Java\jre7\bin\net.dll
0x71a50000 - 0x71a8f000 	C:\WINDOWS\System32\mswsock.dll
0x76f20000 - 0x76f47000 	C:\WINDOWS\system32\DNSAPI.dll
0x76fb0000 - 0x76fb8000 	C:\WINDOWS\System32\winrnr.dll
0x76f60000 - 0x76f8c000 	C:\WINDOWS\system32\WLDAP32.dll
0x64000000 - 0x64021000 	C:\Program Files\Bonjour\mdnsNSP.dll
0x76d60000 - 0x76d79000 	C:\WINDOWS\system32\Iphlpapi.dll
0x76fc0000 - 0x76fc6000 	C:\WINDOWS\system32\rasadhlp.dll
0x6d630000 - 0x6d63f000 	C:\Program Files\Java\jre7\bin\nio.dll
0x6d780000 - 0x6d7a0000 	C:\Program Files\Java\jre7\bin\sunec.dll
0x6d240000 - 0x6d26a000 	C:\Program Files\Java\jre7\bin\fontmanager.dll
0x6d7b0000 - 0x6d7e1000 	C:\Program Files\Java\jre7\bin\t2k.dll
0x49e30000 - 0x49ea3000 	C:\Documents and Settings\Administrator\Application Data\.minecraft\bin\natives\lwjgl.dll
0x5ed00000 - 0x5edcc000 	C:\WINDOWS\system32\OPENGL32.dll
0x68b20000 - 0x68b40000 	C:\WINDOWS\system32\GLU32.dll
0x73760000 - 0x737ab000 	C:\WINDOWS\system32\DDRAW.dll
0x73bc0000 - 0x73bc6000 	C:\WINDOWS\system32\DCIMAN32.dll
0x77c00000 - 0x77c08000 	C:\WINDOWS\system32\VERSION.dll
0x6d320000 - 0x6d326000 	C:\Program Files\Java\jre7\bin\jawt.dll
0x51eb0000 - 0x5238b000 	C:\WINDOWS\system32\ig4icd32.dll
0x52420000 - 0x52738000 	C:\WINDOWS\system32\ig4dev32.dll
0x662b0000 - 0x66308000 	C:\WINDOWS\system32\hnetcfg.dll
0x71a90000 - 0x71a98000 	C:\WINDOWS\System32\wshtcpip.dll
0x5ab20000 - 0x5ab36000 	C:\Documents and Settings\Administrator\Application Data\.minecraft\bin\natives\jinput-dx8.dll
0x6ce10000 - 0x6ce48000 	C:\WINDOWS\system32\DINPUT8.dll
0x688f0000 - 0x688f9000 	C:\WINDOWS\system32\HID.DLL
0x77920000 - 0x77a13000 	C:\WINDOWS\system32\SETUPAPI.DLL
0x76c30000 - 0x76c5e000 	C:\WINDOWS\system32\WINTRUST.dll
0x77a80000 - 0x77b15000 	C:\WINDOWS\system32\CRYPT32.dll
0x77b20000 - 0x77b32000 	C:\WINDOWS\system32\MSASN1.dll
0x76c90000 - 0x76cb8000 	C:\WINDOWS\system32\IMAGEHLP.dll
0x5acb0000 - 0x5acc5000 	C:\Documents and Settings\Administrator\Application Data\.minecraft\bin\natives\jinput-raw.dll
0x5b6b0000 - 0x5b711000 	C:\Documents and Settings\Administrator\Application Data\.minecraft\bin\natives\OpenAL32.dll
0x7c9c0000 - 0x7d1d7000 	C:\WINDOWS\system32\SHELL32.dll
0x76fd0000 - 0x7704f000 	C:\WINDOWS\system32\CLBCATQ.DLL
0x77050000 - 0x77115000 	C:\WINDOWS\system32\COMRes.dll
0x73f10000 - 0x73f6c000 	C:\WINDOWS\system32\dsound.dll
0x72d20000 - 0x72d29000 	C:\WINDOWS\system32\wdmaud.drv
0x72d10000 - 0x72d18000 	C:\WINDOWS\system32\msacm32.drv
0x77be0000 - 0x77bf5000 	C:\WINDOWS\system32\MSACM32.dll
0x77bd0000 - 0x77bd7000 	C:\WINDOWS\system32\midimap.dll
0x73ee0000 - 0x73ee4000 	C:\WINDOWS\system32\KsUser.dll
0x6d7a0000 - 0x6d7a9000 	C:\Program Files\Java\jre7\bin\sunmscapi.dll

VM Arguments:
jvm_args: -Xms512m -Xmx1024m -Dsun.java2d.noddraw=true -Dsun.java2d.d3d=false -Dsun.java2d.opengl=false -Dsun.java2d.pmoffscreen=false 
java_command: net.minecraft.LauncherFrame
Launcher Type: SUN_STANDARD

Environment Variables:
PATH=C:\WINDOWS\system32;C:\WINDOWS;C:\WINDOWS\System32\Wbem;c:\program files\java\jre7\bin
USERNAME=Administrator
OS=Windows_NT
PROCESSOR_IDENTIFIER=x86 Family 6 Model 15 Stepping 13, GenuineIntel



---------------  S Y S T E M  ---------------

OS: Windows XP Build 2600 Service Pack 3

CPU:total 2 (2 cores per cpu, 1 threads per core) family 6 model 15 stepping 13, cmov, cx8, fxsr, mmx, sse, sse2, sse3, ssse3, tsc

Memory: 4k page, physical 1958704k(577144k free), swap 3897892k(2348652k free)

vm_info: Java HotSpot(TM) Client VM (23.1-b03) for windows-x86 JRE (1.7.0_05-b05), built on May 15 2012 18:11:27 by "java_re" with unknown MS VC++:1600

time: Wed Jul 04 19:53:39 2012
elapsed time: 512 seconds

