#
# A fatal error has been detected by the Java Runtime Environment:
#
#  EXCEPTION_ACCESS_VIOLATION (0xc0000005) at pc=0x51ecdb6e, pid=1296, tid=448
#
# JRE version: 7.0_05-b05
# Java VM: Java HotSpot(TM) Client VM (23.1-b03 mixed mode windows-x86 )
# Problematic frame:
# C  [ig4icd32.dll+0x1db6e]
#
# Failed to write core dump. Minidumps are not enabled by default on client versions of Windows
#
# If you would like to submit a bug report, please visit:
#   http://bugreport.sun.com/bugreport/crash.jsp
# The crash happened outside the Java Virtual Machine in native code.
# See problematic frame for where to report the bug.
#

---------------  T H R E A D  ---------------

Current thread (0x494bb800):  JavaThread "Minecraft main thread" daemon [_thread_in_native, id=448, stack(0x49de0000,0x49e30000)]

siginfo: ExceptionCode=0xc0000005, reading address 0x0000000c

Registers:
EAX=0x00000008, EBX=0x00000004, ECX=0x00000002, EDX=0x00000014
ESP=0x49e2f298, EBP=0x00000008, ESI=0x0000000c, EDI=0x63f6bd64
EIP=0x51ecdb6e, EFLAGS=0x00010202

Top of Stack: (sp=0x49e2f298)
0x49e2f298:   494bb800 00123630 49e2f450 00000000
0x49e2f2a8:   000084c0 00000000 00000000 6aa0cdec
0x49e2f2b8:   00000000 51ed39e0 6afd5b88 00000100
0x49e2f2c8:   00000000 00123630 00000001 00000264
0x49e2f2d8:   00000248 6afd5a90 00124708 63f6bd64
0x49e2f2e8:   6ea2de8c 00000000 00000000 00000000
0x49e2f2f8:   00000000 00000000 00000000 00000000
0x49e2f308:   00000000 00000000 00000000 00000000 

Instructions: (pc=0x51ecdb6e)
0x51ecdb4e:   94 50 c1 e0 04 8b a8 48 d5 2f 52 8b 80 44 d5 2f
0x51ecdb5e:   52 8b cd 8d 74 18 04 8b c1 c1 e9 02 89 7c 24 4c
0x51ecdb6e:   f3 a5 8b c8 83 e1 03 f3 a4 8b 4c 24 4c 03 cd 85
0x51ecdb7e:   d2 8b 6c 24 34 89 4c 94 50 75 93 8b 44 24 40 8b 


Register to memory mapping:

EAX=0x00000008 is an unknown value
EBX=0x00000004 is an unknown value
ECX=0x00000002 is an unknown value
EDX=0x00000014 is an unknown value
ESP=0x49e2f298 is pointing into the stack for thread: 0x494bb800
EBP=0x00000008 is an unknown value
ESI=0x0000000c is an unknown value
EDI=0x63f6bd64 is an unknown value


Stack: [0x49de0000,0x49e30000],  sp=0x49e2f298,  free space=316k
Native frames: (J=compiled Java code, j=interpreted, Vv=VM code, C=native code)
C  [ig4icd32.dll+0x1db6e]

[error occurred during error reporting (printing native stack), id 0xc0000005]

Java frames: (J=compiled Java code, j=interpreted, Vv=VM code)
J  org.lwjgl.opengl.GL11.nglPopMatrix(J)V
J  ct.a()V
J  l.a(Lacq;Z)Z
j  lr.a(FJ)V+487
J  lr.b(F)V
J  EntityRendererProxy.b(F)V
J  net.minecraft.client.Minecraft.x()V
j  net.minecraft.client.Minecraft.run()V+41
j  java.lang.Thread.run()V+11
v  ~StubRoutines::call_stub

---------------  P R O C E S S  ---------------

Java Threads: ( => current thread )
  0x68275c00 JavaThread "Keep-Alive-Timer" daemon [_thread_blocked, id=1868, stack(0x6cd80000,0x6cdd0000)]
  0x4955f400 JavaThread "Client write thread" daemon [_thread_blocked, id=3040, stack(0x5e9b0000,0x5ea00000)]
  0x68dff400 JavaThread "Client read thread" daemon [_thread_in_native, id=152, stack(0x49b10000,0x49b60000)]
  0x495a8000 JavaThread "File IO Thread" daemon [_thread_blocked, id=2708, stack(0x49a20000,0x49a70000)]
  0x49738400 JavaThread "Thread-10" daemon [_thread_blocked, id=3288, stack(0x5b660000,0x5b6b0000)]
  0x49744000 JavaThread "Thread-9" daemon [_thread_blocked, id=892, stack(0x5b610000,0x5b660000)]
  0x49731400 JavaThread "Thread-8" daemon [_thread_in_native, id=2296, stack(0x5ace0000,0x5ad30000)]
=>0x494bb800 JavaThread "Minecraft main thread" daemon [_thread_in_native, id=448, stack(0x49de0000,0x49e30000)]
  0x494bb400 JavaThread "Timer hack thread" daemon [_thread_blocked, id=804, stack(0x49bf0000,0x49c40000)]
  0x003d8800 JavaThread "DestroyJavaVM" [_thread_blocked, id=2768, stack(0x00900000,0x00950000)]
  0x49399400 JavaThread "AWT-EventQueue-0" [_thread_blocked, id=3004, stack(0x49770000,0x497c0000)]
  0x48eb8000 JavaThread "AWT-Windows" daemon [_thread_in_native, id=3808, stack(0x49200000,0x49250000)]
  0x48eb6800 JavaThread "AWT-Shutdown" [_thread_blocked, id=3132, stack(0x491b0000,0x49200000)]
  0x48eb5000 JavaThread "Java2D Disposer" daemon [_thread_blocked, id=2980, stack(0x49160000,0x491b0000)]
  0x48e0d400 JavaThread "Service Thread" daemon [_thread_blocked, id=3056, stack(0x490c0000,0x49110000)]
  0x48dff400 JavaThread "C1 CompilerThread0" daemon [_thread_blocked, id=2084, stack(0x49070000,0x490c0000)]
  0x48dfd800 JavaThread "Attach Listener" daemon [_thread_blocked, id=3220, stack(0x49020000,0x49070000)]
  0x48dfc400 JavaThread "Signal Dispatcher" daemon [_thread_blocked, id=2724, stack(0x48fd0000,0x49020000)]
  0x02ae5400 JavaThread "Finalizer" daemon [_thread_blocked, id=924, stack(0x48d60000,0x48db0000)]
  0x02ae0400 JavaThread "Reference Handler" daemon [_thread_blocked, id=280, stack(0x48d10000,0x48d60000)]

Other Threads:
  0x02adac00 VMThread [stack: 0x48cc0000,0x48d10000] [id=3744]
  0x48e20c00 WatcherThread [stack: 0x49110000,0x49160000] [id=2160]

VM state:not at safepoint (normal execution)

VM Mutex/Monitor currently owned by a thread: None

Heap
 def new generation   total 157376K, used 89779K [0x02b00000, 0x0d5c0000, 0x18050000)
  eden space 139904K,  62% used [0x02b00000, 0x08008f58, 0x0b3a0000)
  from space 17472K,  15% used [0x0b3a0000, 0x0b643f38, 0x0c4b0000)
  to   space 17472K,   0% used [0x0c4b0000, 0x0c4b0000, 0x0d5c0000)
 tenured generation   total 349568K, used 102866K [0x18050000, 0x2d5b0000, 0x42b00000)
   the space 349568K,  29% used [0x18050000, 0x1e4c4ab8, 0x1e4c4c00, 0x2d5b0000)
 compacting perm gen  total 17152K, used 16937K [0x42b00000, 0x43bc0000, 0x46b00000)
   the space 17152K,  98% used [0x42b00000, 0x43b8a438, 0x43b8a600, 0x43bc0000)
No shared spaces configured.

Code Cache  [0x00980000, 0x010e8000, 0x02980000)
 total_blobs=3517 nmethods=3151 adapters=298 free_code_cache=25201Kb largest_free_block=25792576

Compilation events (10 events):
Event: 593.090 Thread 0x48dff400 3324             net.minecraft.move.Orientation::hasBottomHold (1224 bytes)
Event: 593.105 Thread 0x48dff400 nmethod 3324 0x010defc8 code [0x010df830, 0x010e1f38]
Event: 593.330 Thread 0x48dff400 3325             net.minecraft.move.Orientation::setBottomGrabType (94 bytes)
Event: 593.330 Thread 0x48dff400 nmethod 3325 0x010e6508 code [0x010e6630, 0x010e6820]
Event: 593.789 Thread 0x48dff400 3326             net.minecraft.move.Orientation::getAllWallsOnNoWall (5 bytes)
Event: 593.789 Thread 0x48dff400 nmethod 3326 0x010e6988 code [0x010e6a80, 0x010e6b20]
Event: 594.816 Thread 0x48dff400 3327             yy::J_ (29 bytes)
Event: 594.816 Thread 0x48dff400 nmethod 3327 0x010e6b88 code [0x010e6c90, 0x010e6d5c]
Event: 595.388 Thread 0x48dff400 3328             acq::C_ (2 bytes)
Event: 595.389 Thread 0x48dff400 nmethod 3328 0x010e6e08 code [0x010e6f10, 0x010e6f90]

GC Heap History (10 events):
Event: 417.196 GC heap before
{Heap before GC invocations=13 (full 6):
 def new generation   total 157376K, used 155812K [0x02b00000, 0x0d5c0000, 0x18050000)
  eden space 139904K, 100% used [0x02b00000, 0x0b3a0000, 0x0b3a0000)
  from space 17472K,  91% used [0x0c4b0000, 0x0d4393d0, 0x0d5c0000)
  to   space 17472K,   0% used [0x0b3a0000, 0x0b3a0000, 0x0c4b0000)
 tenured generation   total 349568K, used 88797K [0x18050000, 0x2d5b0000, 0x42b00000)
   the space 349568K,  25% used [0x18050000, 0x1d707670, 0x1d707800, 0x2d5b0000)
 compacting perm gen  total 17152K, used 16911K [0x42b00000, 0x43bc0000, 0x46b00000)
   the space 17152K,  98% used [0x42b00000, 0x43b83e28, 0x43b84000, 0x43bc0000)
No shared spaces configured.
Event: 417.230 GC heap after
Heap after GC invocations=14 (full 6):
 def new generation   total 157376K, used 2345K [0x02b00000, 0x0d5c0000, 0x18050000)
  eden space 139904K,   0% used [0x02b00000, 0x02b00000, 0x0b3a0000)
  from space 17472K,  13% used [0x0b3a0000, 0x0b5ea7b0, 0x0c4b0000)
  to   space 17472K,   0% used [0x0c4b0000, 0x0c4b0000, 0x0d5c0000)
 tenured generation   total 349568K, used 102866K [0x18050000, 0x2d5b0000, 0x42b00000)
   the space 349568K,  29% used [0x18050000, 0x1e4c4ab8, 0x1e4c4c00, 0x2d5b0000)
 compacting perm gen  total 17152K, used 16911K [0x42b00000, 0x43bc0000, 0x46b00000)
   the space 17152K,  98% used [0x42b00000, 0x43b83e28, 0x43b84000, 0x43bc0000)
No shared spaces configured.
}
Event: 459.156 GC heap before
{Heap before GC invocations=14 (full 6):
 def new generation   total 157376K, used 142249K [0x02b00000, 0x0d5c0000, 0x18050000)
  eden space 139904K, 100% used [0x02b00000, 0x0b3a0000, 0x0b3a0000)
  from space 17472K,  13% used [0x0b3a0000, 0x0b5ea7b0, 0x0c4b0000)
  to   space 17472K,   0% used [0x0c4b0000, 0x0c4b0000, 0x0d5c0000)
 tenured generation   total 349568K, used 102866K [0x18050000, 0x2d5b0000, 0x42b00000)
   the space 349568K,  29% used [0x18050000, 0x1e4c4ab8, 0x1e4c4c00, 0x2d5b0000)
 compacting perm gen  total 17152K, used 16927K [0x42b00000, 0x43bc0000, 0x46b00000)
   the space 17152K,  98% used [0x42b00000, 0x43b87fa8, 0x43b88000, 0x43bc0000)
No shared spaces configured.
Event: 459.165 GC heap after
Heap after GC invocations=15 (full 6):
 def new generation   total 157376K, used 2646K [0x02b00000, 0x0d5c0000, 0x18050000)
  eden space 139904K,   0% used [0x02b00000, 0x02b00000, 0x0b3a0000)
  from space 17472K,  15% used [0x0c4b0000, 0x0c745880, 0x0d5c0000)
  to   space 17472K,   0% used [0x0b3a0000, 0x0b3a0000, 0x0c4b0000)
 tenured generation   total 349568K, used 102866K [0x18050000, 0x2d5b0000, 0x42b00000)
   the space 349568K,  29% used [0x18050000, 0x1e4c4ab8, 0x1e4c4c00, 0x2d5b0000)
 compacting perm gen  total 17152K, used 16927K [0x42b00000, 0x43bc0000, 0x46b00000)
   the space 17152K,  98% used [0x42b00000, 0x43b87fa8, 0x43b88000, 0x43bc0000)
No shared spaces configured.
}
Event: 502.778 GC heap before
{Heap before GC invocations=15 (full 6):
 def new generation   total 157376K, used 142550K [0x02b00000, 0x0d5c0000, 0x18050000)
  eden space 139904K, 100% used [0x02b00000, 0x0b3a0000, 0x0b3a0000)
  from space 17472K,  15% used [0x0c4b0000, 0x0c745880, 0x0d5c0000)
  to   space 17472K,   0% used [0x0b3a0000, 0x0b3a0000, 0x0c4b0000)
 tenured generation   total 349568K, used 102866K [0x18050000, 0x2d5b0000, 0x42b00000)
   the space 349568K,  29% used [0x18050000, 0x1e4c4ab8, 0x1e4c4c00, 0x2d5b0000)
 compacting perm gen  total 17152K, used 16929K [0x42b00000, 0x43bc0000, 0x46b00000)
   the space 17152K,  98% used [0x42b00000, 0x43b886e8, 0x43b88800, 0x43bc0000)
No shared spaces configured.
Event: 502.786 GC heap after
Heap after GC invocations=16 (full 6):
 def new generation   total 157376K, used 2615K [0x02b00000, 0x0d5c0000, 0x18050000)
  eden space 139904K,   0% used [0x02b00000, 0x02b00000, 0x0b3a0000)
  from space 17472K,  14% used [0x0b3a0000, 0x0b62df58, 0x0c4b0000)
  to   space 17472K,   0% used [0x0c4b0000, 0x0c4b0000, 0x0d5c0000)
 tenured generation   total 349568K, used 102866K [0x18050000, 0x2d5b0000, 0x42b00000)
   the space 349568K,  29% used [0x18050000, 0x1e4c4ab8, 0x1e4c4c00, 0x2d5b0000)
 compacting perm gen  total 17152K, used 16929K [0x42b00000, 0x43bc0000, 0x46b00000)
   the space 17152K,  98% used [0x42b00000, 0x43b886e8, 0x43b88800, 0x43bc0000)
No shared spaces configured.
}
Event: 541.917 GC heap before
{Heap before GC invocations=16 (full 6):
 def new generation   total 157376K, used 142519K [0x02b00000, 0x0d5c0000, 0x18050000)
  eden space 139904K, 100% used [0x02b00000, 0x0b3a0000, 0x0b3a0000)
  from space 17472K,  14% used [0x0b3a0000, 0x0b62df58, 0x0c4b0000)
  to   space 17472K,   0% used [0x0c4b0000, 0x0c4b0000, 0x0d5c0000)
 tenured generation   total 349568K, used 102866K [0x18050000, 0x2d5b0000, 0x42b00000)
   the space 349568K,  29% used [0x18050000, 0x1e4c4ab8, 0x1e4c4c00, 0x2d5b0000)
 compacting perm gen  total 17152K, used 16929K [0x42b00000, 0x43bc0000, 0x46b00000)
   the space 17152K,  98% used [0x42b00000, 0x43b886f8, 0x43b88800, 0x43bc0000)
No shared spaces configured.
Event: 541.925 GC heap after
Heap after GC invocations=17 (full 6):
 def new generation   total 157376K, used 1974K [0x02b00000, 0x0d5c0000, 0x18050000)
  eden space 139904K,   0% used [0x02b00000, 0x02b00000, 0x0b3a0000)
  from space 17472K,  11% used [0x0c4b0000, 0x0c69d810, 0x0d5c0000)
  to   space 17472K,   0% used [0x0b3a0000, 0x0b3a0000, 0x0c4b0000)
 tenured generation   total 349568K, used 102866K [0x18050000, 0x2d5b0000, 0x42b00000)
   the space 349568K,  29% used [0x18050000, 0x1e4c4ab8, 0x1e4c4c00, 0x2d5b0000)
 compacting perm gen  total 17152K, used 16929K [0x42b00000, 0x43bc0000, 0x46b00000)
   the space 17152K,  98% used [0x42b00000, 0x43b886f8, 0x43b88800, 0x43bc0000)
No shared spaces configured.
}
Event: 580.528 GC heap before
{Heap before GC invocations=17 (full 6):
 def new generation   total 157376K, used 141878K [0x02b00000, 0x0d5c0000, 0x18050000)
  eden space 139904K, 100% used [0x02b00000, 0x0b3a0000, 0x0b3a0000)
  from space 17472K,  11% used [0x0c4b0000, 0x0c69d810, 0x0d5c0000)
  to   space 17472K,   0% used [0x0b3a0000, 0x0b3a0000, 0x0c4b0000)
 tenured generation   total 349568K, used 102866K [0x18050000, 0x2d5b0000, 0x42b00000)
   the space 349568K,  29% used [0x18050000, 0x1e4c4ab8, 0x1e4c4c00, 0x2d5b0000)
 compacting perm gen  total 17152K, used 16935K [0x42b00000, 0x43bc0000, 0x46b00000)
   the space 17152K,  98% used [0x42b00000, 0x43b89d38, 0x43b89e00, 0x43bc0000)
No shared spaces configured.
Event: 580.539 GC heap after
Heap after GC invocations=18 (full 6):
 def new generation   total 157376K, used 2703K [0x02b00000, 0x0d5c0000, 0x18050000)
  eden space 139904K,   0% used [0x02b00000, 0x02b00000, 0x0b3a0000)
  from space 17472K,  15% used [0x0b3a0000, 0x0b643f38, 0x0c4b0000)
  to   space 17472K,   0% used [0x0c4b0000, 0x0c4b0000, 0x0d5c0000)
 tenured generation   total 349568K, used 102866K [0x18050000, 0x2d5b0000, 0x42b00000)
   the space 349568K,  29% used [0x18050000, 0x1e4c4ab8, 0x1e4c4c00, 0x2d5b0000)
 compacting perm gen  total 17152K, used 16935K [0x42b00000, 0x43bc0000, 0x46b00000)
   the space 17152K,  98% used [0x42b00000, 0x43b89d38, 0x43b89e00, 0x43bc0000)
No shared spaces configured.
}

Deoptimization events (0 events):
No events

Internal exceptions (10 events):
Event: 595.550 Thread 0x494bb800 Threw 0x07d84740 at C:\jdk7u5_32P\jdk7u5\hotspot\src\share\vm\prims\jni.cpp:715
Event: 595.550 Thread 0x494bb800 Threw 0x07d849e8 at C:\jdk7u5_32P\jdk7u5\hotspot\src\share\vm\prims\jni.cpp:715
Event: 595.550 Thread 0x494bb800 Threw 0x07d84bb0 at C:\jdk7u5_32P\jdk7u5\hotspot\src\share\vm\prims\jni.cpp:715
Event: 595.550 Thread 0x494bb800 Threw 0x07d84d48 at C:\jdk7u5_32P\jdk7u5\hotspot\src\share\vm\prims\jni.cpp:715
Event: 595.558 Thread 0x4955f400 Threw 0x077c4350 at C:\jdk7u5_32P\jdk7u5\hotspot\src\share\vm\prims\jvm.cpp:2888
Event: 595.567 Thread 0x4955f400 Threw 0x077c44b0 at C:\jdk7u5_32P\jdk7u5\hotspot\src\share\vm\prims\jvm.cpp:2888
Event: 595.570 Thread 0x49744000 Threw 0x077cdf20 at C:\jdk7u5_32P\jdk7u5\hotspot\src\share\vm\prims\jvm.cpp:2888
Event: 595.628 Thread 0x4955f400 Threw 0x077c4610 at C:\jdk7u5_32P\jdk7u5\hotspot\src\share\vm\prims\jvm.cpp:2888
Event: 595.629 Thread 0x49744000 Threw 0x077ce0c0 at C:\jdk7u5_32P\jdk7u5\hotspot\src\share\vm\prims\jvm.cpp:2888
Event: 595.631 Thread 0x49744000 Threw 0x077cecf8 at C:\jdk7u5_32P\jdk7u5\hotspot\src\share\vm\prims\jvm.cpp:2888

Events (10 events):
Event: 590.553 Thread 0x68275c00 Thread added: 0x68275c00
Event: 591.113 Executing VM operation: BulkRevokeBias
Event: 591.113 Executing VM operation: BulkRevokeBias done
Event: 591.113 Thread 0x68275c00 Thread exited: 0x68275c00
Event: 591.262 Thread 0x68275c00 Thread added: 0x68275c00
Event: 591.262 Thread 0x496a4c00 Thread exited: 0x496a4c00
Event: 592.087 Thread 0x494b0800 Thread added: 0x494b0800
Event: 592.093 Executing VM operation: RevokeBias
Event: 592.094 Executing VM operation: RevokeBias done
Event: 592.094 Thread 0x494b0800 Thread exited: 0x494b0800


Dynamic libraries:
0x00400000 - 0x0042f000 	C:\WINDOWS\system32\javaw.exe
0x7c900000 - 0x7c9af000 	C:\WINDOWS\system32\ntdll.dll
0x7c800000 - 0x7c8f6000 	C:\WINDOWS\system32\kernel32.dll
0x77dd0000 - 0x77e6b000 	C:\WINDOWS\system32\ADVAPI32.dll
0x77e70000 - 0x77f02000 	C:\WINDOWS\system32\RPCRT4.dll
0x77fe0000 - 0x77ff1000 	C:\WINDOWS\system32\Secur32.dll
0x7e410000 - 0x7e4a1000 	C:\WINDOWS\system32\USER32.dll
0x77f10000 - 0x77f59000 	C:\WINDOWS\system32\GDI32.dll
0x773d0000 - 0x774d3000 	C:\WINDOWS\WinSxS\x86_Microsoft.Windows.Common-Controls_6595b64144ccf1df_6.0.2600.5512_x-ww_35d4ce83\COMCTL32.dll
0x77c10000 - 0x77c68000 	C:\WINDOWS\system32\msvcrt.dll
0x77f60000 - 0x77fd6000 	C:\WINDOWS\system32\SHLWAPI.dll
0x76390000 - 0x763ad000 	C:\WINDOWS\system32\IMM32.DLL
0x629c0000 - 0x629c9000 	C:\WINDOWS\system32\LPK.DLL
0x74d90000 - 0x74dfb000 	C:\WINDOWS\system32\USP10.dll
0x78aa0000 - 0x78b5e000 	C:\Program Files\Java\jre7\bin\msvcr100.dll
0x6d880000 - 0x6dbca000 	C:\Program Files\Java\jre7\bin\client\jvm.dll
0x71ad0000 - 0x71ad9000 	C:\WINDOWS\system32\WSOCK32.dll
0x71ab0000 - 0x71ac7000 	C:\WINDOWS\system32\WS2_32.dll
0x71aa0000 - 0x71aa8000 	C:\WINDOWS\system32\WS2HELP.dll
0x76b40000 - 0x76b6d000 	C:\WINDOWS\system32\WINMM.dll
0x76bf0000 - 0x76bfb000 	C:\WINDOWS\system32\PSAPI.DLL
0x6d810000 - 0x6d81c000 	C:\Program Files\Java\jre7\bin\verify.dll
0x6d2f0000 - 0x6d310000 	C:\Program Files\Java\jre7\bin\java.dll
0x6d860000 - 0x6d873000 	C:\Program Files\Java\jre7\bin\zip.dll
0x6d000000 - 0x6d142000 	C:\Program Files\Java\jre7\bin\awt.dll
0x77120000 - 0x771ab000 	C:\WINDOWS\system32\OLEAUT32.dll
0x774e0000 - 0x7761d000 	C:\WINDOWS\system32\ole32.dll
0x5ad70000 - 0x5ada8000 	C:\WINDOWS\system32\uxtheme.dll
0x74720000 - 0x7476c000 	C:\WINDOWS\system32\MSCTF.dll
0x755c0000 - 0x755ee000 	C:\WINDOWS\system32\msctfime.ime
0x68000000 - 0x68036000 	C:\WINDOWS\system32\rsaenh.dll
0x769c0000 - 0x76a74000 	C:\WINDOWS\system32\USERENV.dll
0x5b860000 - 0x5b8b5000 	C:\WINDOWS\system32\netapi32.dll
0x6d610000 - 0x6d624000 	C:\Program Files\Java\jre7\bin\net.dll
0x71a50000 - 0x71a8f000 	C:\WINDOWS\System32\mswsock.dll
0x76f20000 - 0x76f47000 	C:\WINDOWS\system32\DNSAPI.dll
0x76fb0000 - 0x76fb8000 	C:\WINDOWS\System32\winrnr.dll
0x76f60000 - 0x76f8c000 	C:\WINDOWS\system32\WLDAP32.dll
0x64000000 - 0x64021000 	C:\Program Files\Bonjour\mdnsNSP.dll
0x76d60000 - 0x76d79000 	C:\WINDOWS\system32\Iphlpapi.dll
0x76fc0000 - 0x76fc6000 	C:\WINDOWS\system32\rasadhlp.dll
0x6d630000 - 0x6d63f000 	C:\Program Files\Java\jre7\bin\nio.dll
0x6d780000 - 0x6d7a0000 	C:\Program Files\Java\jre7\bin\sunec.dll
0x6d240000 - 0x6d26a000 	C:\Program Files\Java\jre7\bin\fontmanager.dll
0x6d7b0000 - 0x6d7e1000 	C:\Program Files\Java\jre7\bin\t2k.dll
0x49e30000 - 0x49ea3000 	C:\Documents and Settings\Administrator\Application Data\.minecraft\bin\natives\lwjgl.dll
0x5ed00000 - 0x5edcc000 	C:\WINDOWS\system32\OPENGL32.dll
0x68b20000 - 0x68b40000 	C:\WINDOWS\system32\GLU32.dll
0x73760000 - 0x737ab000 	C:\WINDOWS\system32\DDRAW.dll
0x73bc0000 - 0x73bc6000 	C:\WINDOWS\system32\DCIMAN32.dll
0x77c00000 - 0x77c08000 	C:\WINDOWS\system32\VERSION.dll
0x6d320000 - 0x6d326000 	C:\Program Files\Java\jre7\bin\jawt.dll
0x51eb0000 - 0x5238b000 	C:\WINDOWS\system32\ig4icd32.dll
0x52420000 - 0x52738000 	C:\WINDOWS\system32\ig4dev32.dll
0x662b0000 - 0x66308000 	C:\WINDOWS\system32\hnetcfg.dll
0x71a90000 - 0x71a98000 	C:\WINDOWS\System32\wshtcpip.dll
0x5ab20000 - 0x5ab36000 	C:\Documents and Settings\Administrator\Application Data\.minecraft\bin\natives\jinput-dx8.dll
0x6ce10000 - 0x6ce48000 	C:\WINDOWS\system32\DINPUT8.dll
0x688f0000 - 0x688f9000 	C:\WINDOWS\system32\HID.DLL
0x77920000 - 0x77a13000 	C:\WINDOWS\system32\SETUPAPI.DLL
0x76c30000 - 0x76c5e000 	C:\WINDOWS\system32\WINTRUST.dll
0x77a80000 - 0x77b15000 	C:\WINDOWS\system32\CRYPT32.dll
0x77b20000 - 0x77b32000 	C:\WINDOWS\system32\MSASN1.dll
0x76c90000 - 0x76cb8000 	C:\WINDOWS\system32\IMAGEHLP.dll
0x5acb0000 - 0x5acc5000 	C:\Documents and Settings\Administrator\Application Data\.minecraft\bin\natives\jinput-raw.dll
0x5b6b0000 - 0x5b711000 	C:\Documents and Settings\Administrator\Application Data\.minecraft\bin\natives\OpenAL32.dll
0x7c9c0000 - 0x7d1d7000 	C:\WINDOWS\system32\SHELL32.dll
0x76fd0000 - 0x7704f000 	C:\WINDOWS\system32\CLBCATQ.DLL
0x77050000 - 0x77115000 	C:\WINDOWS\system32\COMRes.dll
0x73f10000 - 0x73f6c000 	C:\WINDOWS\system32\dsound.dll
0x72d20000 - 0x72d29000 	C:\WINDOWS\system32\wdmaud.drv
0x72d10000 - 0x72d18000 	C:\WINDOWS\system32\msacm32.drv
0x77be0000 - 0x77bf5000 	C:\WINDOWS\system32\MSACM32.dll
0x77bd0000 - 0x77bd7000 	C:\WINDOWS\system32\midimap.dll
0x73ee0000 - 0x73ee4000 	C:\WINDOWS\system32\KsUser.dll
0x6d7a0000 - 0x6d7a9000 	C:\Program Files\Java\jre7\bin\sunmscapi.dll

VM Arguments:
jvm_args: -Xms512m -Xmx1024m -Dsun.java2d.noddraw=true -Dsun.java2d.d3d=false -Dsun.java2d.opengl=false -Dsun.java2d.pmoffscreen=false 
java_command: net.minecraft.LauncherFrame
Launcher Type: SUN_STANDARD

Environment Variables:
PATH=C:\WINDOWS\system32;C:\WINDOWS;C:\WINDOWS\System32\Wbem;c:\program files\java\jre7\bin
USERNAME=Administrator
OS=Windows_NT
PROCESSOR_IDENTIFIER=x86 Family 6 Model 15 Stepping 13, GenuineIntel



---------------  S Y S T E M  ---------------

OS: Windows XP Build 2600 Service Pack 3

CPU:total 2 (2 cores per cpu, 1 threads per core) family 6 model 15 stepping 13, cmov, cx8, fxsr, mmx, sse, sse2, sse3, ssse3, tsc

Memory: 4k page, physical 1958704k(618716k free), swap 3897892k(2352360k free)

vm_info: Java HotSpot(TM) Client VM (23.1-b03) for windows-x86 JRE (1.7.0_05-b05), built on May 15 2012 18:11:27 by "java_re" with unknown MS VC++:1600

time: Sat Jun 30 14:01:56 2012
elapsed time: 595 seconds

