#
# A fatal error has been detected by the Java Runtime Environment:
#
#  EXCEPTION_ACCESS_VIOLATION (0xc0000005) at pc=0x51acdb6e, pid=1068, tid=3448
#
# JRE version: 6.0_31-b05
# Java VM: Java HotSpot(TM) Client VM (20.6-b01 mixed mode windows-x86 )
# Problematic frame:
# C  [ig4icd32.dll+0x1db6e]
#
# If you would like to submit a bug report, please visit:
#   http://java.sun.com/webapps/bugreport/crash.jsp
# The crash happened outside the Java Virtual Machine in native code.
# See problematic frame for where to report the bug.
#

---------------  T H R E A D  ---------------

Current thread (0x49035800):  JavaThread "Minecraft main thread" daemon [_thread_in_native, id=3448, stack(0x499e0000,0x49a30000)]

siginfo: ExceptionCode=0xc0000005, reading address 0x0000000c

Registers:
EAX=0x00000008, EBX=0x00000004, ECX=0x00000002, EDX=0x00000015
ESP=0x49a2f298, EBP=0x00000008, ESI=0x0000000c, EDI=0x7f24792c
EIP=0x51acdb6e, EFLAGS=0x00010202

Top of Stack: (sp=0x49a2f298)
0x49a2f298:   49035800 00123f30 49a2f450 00000000
0x49a2f2a8:   000084c0 00000000 00000000 66013f4c
0x49a2f2b8:   00000000 51ad39e0 7f61c5e0 00000100
0x49a2f2c8:   00000000 00123f30 00000001 0000049c
0x49a2f2d8:   00000124 7f61c4e8 00125004 7f24792c
0x49a2f2e8:   72986c6c 00000000 00000000 00000000
0x49a2f2f8:   00000000 00000000 00000000 00000000
0x49a2f308:   00000000 00000000 00000000 00000000 

Instructions: (pc=0x51acdb6e)
0x51acdb4e:   94 50 c1 e0 04 8b a8 48 d5 ef 51 8b 80 44 d5 ef
0x51acdb5e:   51 8b cd 8d 74 18 04 8b c1 c1 e9 02 89 7c 24 4c
0x51acdb6e:   f3 a5 8b c8 83 e1 03 f3 a4 8b 4c 24 4c 03 cd 85
0x51acdb7e:   d2 8b 6c 24 34 89 4c 94 50 75 93 8b 44 24 40 8b 


Register to memory mapping:

EAX=0x00000008 is an unknown value
EBX=0x00000004 is an unknown value
ECX=0x00000002 is an unknown value
EDX=0x00000015 is an unknown value
ESP=0x49a2f298 is pointing into the stack for thread: 0x49035800
EBP=0x00000008 is an unknown value
ESI=0x0000000c is an unknown value
EDI=0x7f24792c is an unknown value


Stack: [0x499e0000,0x49a30000],  sp=0x49a2f298,  free space=316k
Native frames: (J=compiled Java code, j=interpreted, Vv=VM code, C=native code)

[error occurred during error reporting (printing native stack), id 0xc0000005]

Java frames: (J=compiled Java code, j=interpreted, Vv=VM code)
J  org.lwjgl.opengl.GL11.nglPopMatrix(J)V
J  ct.a()V
J  l.a(Lacq;Z)Z
J  lr.a(FJ)V
J  lr.b(F)V
J  EntityRendererProxy.b(F)V
J  net.minecraft.client.Minecraft.x()V
j  net.minecraft.client.Minecraft.run()V+41
j  java.lang.Thread.run()V+11
v  ~StubRoutines::call_stub

---------------  P R O C E S S  ---------------

Java Threads: ( => current thread )
  0x6821d400 JavaThread "File IO Thread" daemon [_thread_blocked, id=3092, stack(0x49580000,0x495d0000)]
  0x5a76a800 JavaThread "Client write thread" daemon [_thread_blocked, id=1636, stack(0x49620000,0x49670000)]
  0x48f07c00 JavaThread "Client read thread" daemon [_thread_in_native, id=4012, stack(0x495d0000,0x49620000)]
  0x5a880c00 JavaThread "Thread-10" daemon [_thread_blocked, id=3020, stack(0x5b660000,0x5b6b0000)]
  0x5a883400 JavaThread "Thread-9" daemon [_thread_blocked, id=2448, stack(0x5b610000,0x5b660000)]
  0x5a7c0800 JavaThread "Thread-8" daemon [_thread_in_native, id=2024, stack(0x5ace0000,0x5ad30000)]
=>0x49035800 JavaThread "Minecraft main thread" daemon [_thread_in_native, id=3448, stack(0x499e0000,0x49a30000)]
  0x49035000 JavaThread "Timer hack thread" daemon [_thread_blocked, id=3644, stack(0x49990000,0x499e0000)]
  0x003b6c00 JavaThread "DestroyJavaVM" [_thread_blocked, id=3496, stack(0x008c0000,0x00910000)]
  0x48f74800 JavaThread "AWT-EventQueue-0" [_thread_blocked, id=2612, stack(0x49370000,0x493c0000)]
  0x48f1a400 JavaThread "AWT-Windows" daemon [_thread_in_native, id=584, stack(0x49220000,0x49270000)]
  0x48f19400 JavaThread "AWT-Shutdown" [_thread_blocked, id=3428, stack(0x491d0000,0x49220000)]
  0x48f16400 JavaThread "Java2D Disposer" daemon [_thread_blocked, id=404, stack(0x49180000,0x491d0000)]
  0x48bf1400 JavaThread "Low Memory Detector" daemon [_thread_blocked, id=1792, stack(0x48e30000,0x48e80000)]
  0x48be2400 JavaThread "C1 CompilerThread0" daemon [_thread_blocked, id=3124, stack(0x48de0000,0x48e30000)]
  0x48bdc800 JavaThread "Attach Listener" daemon [_thread_blocked, id=3848, stack(0x48d90000,0x48de0000)]
  0x48bdb400 JavaThread "Signal Dispatcher" daemon [_thread_blocked, id=692, stack(0x48d40000,0x48d90000)]
  0x48bca800 JavaThread "Finalizer" daemon [_thread_blocked, id=3828, stack(0x48cf0000,0x48d40000)]
  0x48bc5c00 JavaThread "Reference Handler" daemon [_thread_blocked, id=388, stack(0x48ca0000,0x48cf0000)]

Other Threads:
  0x48bc2000 VMThread [stack: 0x48c50000,0x48ca0000] [id=3492]
  0x48bf3800 WatcherThread [stack: 0x48e80000,0x48ed0000] [id=2660]

VM state:not at safepoint (normal execution)

VM Mutex/Monitor currently owned by a thread: None

Heap
 def new generation   total 157376K, used 79297K [0x02990000, 0x0d450000, 0x17ee0000)
  eden space 139904K,  44% used [0x02990000, 0x065f0470, 0x0b230000)
  from space 17472K, 100% used [0x0c340000, 0x0d450000, 0x0d450000)
  to   space 17472K,   0% used [0x0b230000, 0x0b230000, 0x0c340000)
 tenured generation   total 349568K, used 69693K [0x17ee0000, 0x2d440000, 0x42990000)
   the space 349568K,  19% used [0x17ee0000, 0x1c2ef450, 0x1c2ef600, 0x2d440000)
 compacting perm gen  total 18432K, used 18216K [0x42990000, 0x43b90000, 0x46990000)
   the space 18432K,  98% used [0x42990000, 0x43b5a150, 0x43b5a200, 0x43b90000)
No shared spaces configured.

Code Cache  [0x00910000, 0x00fc0000, 0x02910000)
 total_blobs=2883 nmethods=2543 adapters=274 free_code_cache=26568960 largest_free_block=320

Dynamic libraries:
0x00400000 - 0x00425000 	C:\WINDOWS\system32\javaw.exe
0x7c900000 - 0x7c9af000 	C:\WINDOWS\system32\ntdll.dll
0x7c800000 - 0x7c8f6000 	C:\WINDOWS\system32\kernel32.dll
0x77dd0000 - 0x77e6b000 	C:\WINDOWS\system32\ADVAPI32.dll
0x77e70000 - 0x77f02000 	C:\WINDOWS\system32\RPCRT4.dll
0x77fe0000 - 0x77ff1000 	C:\WINDOWS\system32\Secur32.dll
0x7e410000 - 0x7e4a1000 	C:\WINDOWS\system32\USER32.dll
0x77f10000 - 0x77f59000 	C:\WINDOWS\system32\GDI32.dll
0x76390000 - 0x763ad000 	C:\WINDOWS\system32\IMM32.DLL
0x629c0000 - 0x629c9000 	C:\WINDOWS\system32\LPK.DLL
0x74d90000 - 0x74dfb000 	C:\WINDOWS\system32\USP10.dll
0x7c340000 - 0x7c396000 	C:\Program Files\Java\jre6\bin\msvcr71.dll
0x6d7f0000 - 0x6da9f000 	C:\Program Files\Java\jre6\bin\client\jvm.dll
0x76b40000 - 0x76b6d000 	C:\WINDOWS\system32\WINMM.dll
0x6d7a0000 - 0x6d7ac000 	C:\Program Files\Java\jre6\bin\verify.dll
0x6d320000 - 0x6d33f000 	C:\Program Files\Java\jre6\bin\java.dll
0x6d7e0000 - 0x6d7ef000 	C:\Program Files\Java\jre6\bin\zip.dll
0x6d000000 - 0x6d14c000 	C:\Program Files\Java\jre6\bin\awt.dll
0x73000000 - 0x73026000 	C:\WINDOWS\system32\WINSPOOL.DRV
0x77c10000 - 0x77c68000 	C:\WINDOWS\system32\msvcrt.dll
0x774e0000 - 0x7761d000 	C:\WINDOWS\system32\ole32.dll
0x773d0000 - 0x774d3000 	C:\WINDOWS\WinSxS\x86_Microsoft.Windows.Common-Controls_6595b64144ccf1df_6.0.2600.5512_x-ww_35d4ce83\COMCTL32.dll
0x77f60000 - 0x77fd6000 	C:\WINDOWS\system32\SHLWAPI.dll
0x5ad70000 - 0x5ada8000 	C:\WINDOWS\system32\uxtheme.dll
0x6d230000 - 0x6d27f000 	C:\Program Files\Java\jre6\bin\fontmanager.dll
0x74720000 - 0x7476c000 	C:\WINDOWS\system32\MSCTF.dll
0x755c0000 - 0x755ee000 	C:\WINDOWS\system32\msctfime.ime
0x68000000 - 0x68036000 	C:\WINDOWS\system32\rsaenh.dll
0x769c0000 - 0x76a74000 	C:\WINDOWS\system32\USERENV.dll
0x5b860000 - 0x5b8b5000 	C:\WINDOWS\system32\netapi32.dll
0x6d600000 - 0x6d613000 	C:\Program Files\Java\jre6\bin\net.dll
0x71ab0000 - 0x71ac7000 	C:\WINDOWS\system32\WS2_32.dll
0x71aa0000 - 0x71aa8000 	C:\WINDOWS\system32\WS2HELP.dll
0x71a50000 - 0x71a8f000 	C:\WINDOWS\System32\mswsock.dll
0x76f20000 - 0x76f47000 	C:\WINDOWS\system32\DNSAPI.dll
0x76fb0000 - 0x76fb8000 	C:\WINDOWS\System32\winrnr.dll
0x76f60000 - 0x76f8c000 	C:\WINDOWS\system32\WLDAP32.dll
0x64000000 - 0x64021000 	C:\Program Files\Bonjour\mdnsNSP.dll
0x76d60000 - 0x76d79000 	C:\WINDOWS\system32\Iphlpapi.dll
0x76fc0000 - 0x76fc6000 	C:\WINDOWS\system32\rasadhlp.dll
0x6d620000 - 0x6d629000 	C:\Program Files\Java\jre6\bin\nio.dll
0x49a30000 - 0x49aa3000 	C:\Documents and Settings\Administrator\Application Data\.minecraft\bin\natives\lwjgl.dll
0x5ed00000 - 0x5edcc000 	C:\WINDOWS\system32\OPENGL32.dll
0x68b20000 - 0x68b40000 	C:\WINDOWS\system32\GLU32.dll
0x73760000 - 0x737ab000 	C:\WINDOWS\system32\DDRAW.dll
0x73bc0000 - 0x73bc6000 	C:\WINDOWS\system32\DCIMAN32.dll
0x77c00000 - 0x77c08000 	C:\WINDOWS\system32\VERSION.dll
0x6d350000 - 0x6d356000 	C:\Program Files\Java\jre6\bin\jawt.dll
0x51ab0000 - 0x51f8b000 	C:\WINDOWS\system32\ig4icd32.dll
0x52020000 - 0x52338000 	C:\WINDOWS\system32\ig4dev32.dll
0x662b0000 - 0x66308000 	C:\WINDOWS\system32\hnetcfg.dll
0x71a90000 - 0x71a98000 	C:\WINDOWS\System32\wshtcpip.dll
0x5ab20000 - 0x5ab36000 	C:\Documents and Settings\Administrator\Application Data\.minecraft\bin\natives\jinput-dx8.dll
0x6ce10000 - 0x6ce48000 	C:\WINDOWS\system32\DINPUT8.dll
0x688f0000 - 0x688f9000 	C:\WINDOWS\system32\HID.DLL
0x77920000 - 0x77a13000 	C:\WINDOWS\system32\SETUPAPI.DLL
0x76c30000 - 0x76c5e000 	C:\WINDOWS\system32\WINTRUST.dll
0x77a80000 - 0x77b15000 	C:\WINDOWS\system32\CRYPT32.dll
0x77b20000 - 0x77b32000 	C:\WINDOWS\system32\MSASN1.dll
0x76c90000 - 0x76cb8000 	C:\WINDOWS\system32\IMAGEHLP.dll
0x5acb0000 - 0x5acc5000 	C:\Documents and Settings\Administrator\Application Data\.minecraft\bin\natives\jinput-raw.dll
0x5b6b0000 - 0x5b711000 	C:\Documents and Settings\Administrator\Application Data\.minecraft\bin\natives\OpenAL32.dll
0x7c9c0000 - 0x7d1d7000 	C:\WINDOWS\system32\SHELL32.dll
0x76fd0000 - 0x7704f000 	C:\WINDOWS\system32\CLBCATQ.DLL
0x77050000 - 0x77115000 	C:\WINDOWS\system32\COMRes.dll
0x77120000 - 0x771ab000 	C:\WINDOWS\system32\OLEAUT32.dll
0x73f10000 - 0x73f6c000 	C:\WINDOWS\system32\dsound.dll
0x72d20000 - 0x72d29000 	C:\WINDOWS\system32\wdmaud.drv
0x72d10000 - 0x72d18000 	C:\WINDOWS\system32\msacm32.drv
0x77be0000 - 0x77bf5000 	C:\WINDOWS\system32\MSACM32.dll
0x77bd0000 - 0x77bd7000 	C:\WINDOWS\system32\midimap.dll
0x73ee0000 - 0x73ee4000 	C:\WINDOWS\system32\KsUser.dll
0x6d780000 - 0x6d788000 	C:\Program Files\Java\jre6\bin\sunmscapi.dll
0x76bf0000 - 0x76bfb000 	C:\WINDOWS\system32\PSAPI.DLL

VM Arguments:
jvm_args: -Xms512m -Xmx1024m -Dsun.java2d.noddraw=true -Dsun.java2d.d3d=false -Dsun.java2d.opengl=false -Dsun.java2d.pmoffscreen=false 
java_command: net.minecraft.LauncherFrame
Launcher Type: SUN_STANDARD

Environment Variables:
PATH=C:\WINDOWS\system32;C:\WINDOWS;C:\WINDOWS\System32\Wbem;c:\program files\java\jre6\bin
USERNAME=Administrator
OS=Windows_NT
PROCESSOR_IDENTIFIER=x86 Family 6 Model 15 Stepping 13, GenuineIntel



---------------  S Y S T E M  ---------------

OS: Windows XP Build 2600 Service Pack 3

CPU:total 2 (2 cores per cpu, 1 threads per core) family 6 model 15 stepping 13, cmov, cx8, fxsr, mmx, sse, sse2, sse3, ssse3

Memory: 4k page, physical 1958704k(610248k free), swap 3897892k(2340928k free)

vm_info: Java HotSpot(TM) Client VM (20.6-b01) for windows-x86 JRE (1.6.0_31-b05), built on Feb  3 2012 18:44:09 by "java_re" with MS VC++ 7.1 (VS2003)

time: Thu May 31 20:42:00 2012
elapsed time: 430 seconds

